2024-12-20 14:32:23,798 - [0;32mINFO[0m - Starting script...
2024-12-20 14:32:23,799 - [0;32mINFO[0m - Processing markdown file: docs-src/Examples/graphviz.md
2024-12-20 14:32:23,834 - [0;32mINFO[0m - Generated graphviz diagram: docs/diagrams/Examples/graphviz_0.png
2024-12-20 14:32:23,899 - [0;32mINFO[0m - Generated graphviz diagram: docs/diagrams/Examples/graphviz_1.png
2024-12-20 14:32:23,965 - [0;32mINFO[0m - Generated graphviz diagram: docs/diagrams/Examples/graphviz_2.png
2024-12-20 14:32:24,080 - [0;32mINFO[0m - Generated graphviz diagram: docs/diagrams/Examples/graphviz_3.png
2024-12-20 14:32:24,195 - [0;32mINFO[0m - Generated graphviz diagram: docs/diagrams/Examples/graphviz_4.png
2024-12-20 14:32:24,410 - [0;32mINFO[0m - Generated graphviz diagram: docs/diagrams/Examples/graphviz_5.png
2024-12-20 14:32:24,525 - [0;32mINFO[0m - Generated graphviz diagram: docs/diagrams/Examples/graphviz_6.png
2024-12-20 14:32:24,842 - [0;32mINFO[0m - Generated graphviz diagram: docs/diagrams/Examples/graphviz_7.png
2024-12-20 14:32:24,907 - [0;32mINFO[0m - Generated graphviz diagram: docs/diagrams/Examples/graphviz_8.png
2024-12-20 14:32:25,073 - [0;32mINFO[0m - Generated graphviz diagram: docs/diagrams/Examples/graphviz_9.png
2024-12-20 14:32:25,137 - [0;32mINFO[0m - Generated graphviz diagram: docs/diagrams/Examples/graphviz_10.png
2024-12-20 14:32:25,138 - [0;32mINFO[0m - Saved processed markdown file: docs/diagrams/Examples/graphviz.md
2024-12-20 14:32:25,138 - [0;32mINFO[0m - Processing markdown file: docs-src/Examples/mermaid.md
2024-12-20 14:32:26,710 - [0;32mINFO[0m - Generated mermaid diagram: docs/diagrams/Examples/mermaid_0.png
2024-12-20 14:32:28,234 - [0;32mINFO[0m - Generated mermaid diagram: docs/diagrams/Examples/mermaid_1.png
2024-12-20 14:32:30,369 - [0;32mINFO[0m - Generated mermaid diagram: docs/diagrams/Examples/mermaid_2.png
2024-12-20 14:32:31,843 - [0;32mINFO[0m - Generated mermaid diagram: docs/diagrams/Examples/mermaid_3.png
2024-12-20 14:32:33,214 - [0;32mINFO[0m - Generated mermaid diagram: docs/diagrams/Examples/mermaid_4.png
2024-12-20 14:32:34,892 - [0;32mINFO[0m - Generated mermaid diagram: docs/diagrams/Examples/mermaid_5.png
2024-12-20 14:32:36,464 - [0;32mINFO[0m - Generated mermaid diagram: docs/diagrams/Examples/mermaid_6.png
2024-12-20 14:32:38,095 - [0;32mINFO[0m - Generated mermaid diagram: docs/diagrams/Examples/mermaid_7.png
2024-12-20 14:32:40,073 - [0;32mINFO[0m - Generated mermaid diagram: docs/diagrams/Examples/mermaid_8.png
2024-12-20 14:32:42,179 - [0;32mINFO[0m - Generated mermaid diagram: docs/diagrams/Examples/mermaid_9.png
2024-12-20 14:32:44,202 - [0;32mINFO[0m - Generated mermaid diagram: docs/diagrams/Examples/mermaid_10.png
2024-12-20 14:32:46,327 - [0;32mINFO[0m - Generated mermaid diagram: docs/diagrams/Examples/mermaid_11.png
2024-12-20 14:32:48,766 - [0;32mINFO[0m - Generated mermaid diagram: docs/diagrams/Examples/mermaid_12.png
2024-12-20 14:32:50,386 - [0;32mINFO[0m - Generated mermaid diagram: docs/diagrams/Examples/mermaid_13.png
2024-12-20 14:32:52,137 - [0;32mINFO[0m - Generated mermaid diagram: docs/diagrams/Examples/mermaid_14.png
2024-12-20 14:32:53,765 - [0;32mINFO[0m - Generated mermaid diagram: docs/diagrams/Examples/mermaid_15.png
2024-12-20 14:32:55,639 - [0;32mINFO[0m - Generated mermaid diagram: docs/diagrams/Examples/mermaid_16.png
2024-12-20 14:32:57,515 - [0;32mINFO[0m - Generated mermaid diagram: docs/diagrams/Examples/mermaid_17.png
2024-12-20 14:32:59,209 - [0;32mINFO[0m - Generated mermaid diagram: docs/diagrams/Examples/mermaid_18.png
2024-12-20 14:33:01,042 - [0;32mINFO[0m - Generated mermaid diagram: docs/diagrams/Examples/mermaid_19.png
2024-12-20 14:33:03,537 - [0;32mINFO[0m - Generated mermaid diagram: docs/diagrams/Examples/mermaid_20.png
2024-12-20 14:33:03,538 - [0;32mINFO[0m - Saved processed markdown file: docs/diagrams/Examples/mermaid.md
2024-12-20 14:33:03,538 - [0;32mINFO[0m - Processing markdown file: docs-src/Examples/vega.md
2024-12-20 14:33:03,755 - [0;32mINFO[0m - Generated vega diagram: docs/diagrams/Examples/vega_0.png
2024-12-20 14:33:03,972 - [0;32mINFO[0m - Generated vega diagram: docs/diagrams/Examples/vega_1.png
2024-12-20 14:33:04,290 - [0;32mINFO[0m - Generated vega diagram: docs/diagrams/Examples/vega_2.png
2024-12-20 14:33:04,291 - [0;32mINFO[0m - Saved processed markdown file: docs/diagrams/Examples/vega.md
2024-12-20 14:33:04,292 - [0;32mINFO[0m - Processing markdown file: docs-src/Examples/wavedrom.md
2024-12-20 14:33:04,813 - [0;32mINFO[0m - Generated wavedrom diagram: docs/diagrams/Examples/wavedrom_0.png
2024-12-20 14:33:05,231 - [0;32mINFO[0m - Generated wavedrom diagram: docs/diagrams/Examples/wavedrom_1.png
2024-12-20 14:33:05,751 - [0;32mINFO[0m - Generated wavedrom diagram: docs/diagrams/Examples/wavedrom_2.png
2024-12-20 14:33:06,222 - [0;32mINFO[0m - Generated wavedrom diagram: docs/diagrams/Examples/wavedrom_3.png
2024-12-20 14:33:06,690 - [0;32mINFO[0m - Generated wavedrom diagram: docs/diagrams/Examples/wavedrom_4.png
2024-12-20 14:33:07,208 - [0;32mINFO[0m - Generated wavedrom diagram: docs/diagrams/Examples/wavedrom_5.png
2024-12-20 14:33:07,208 - [0;32mINFO[0m - Saved processed markdown file: docs/diagrams/Examples/wavedrom.md
2024-12-20 14:33:07,209 - [0;32mINFO[0m - Processing markdown file: docs-src/Examples/nwdiag.md
2024-12-20 14:33:07,210 - [0;34mDEBUG[0m - Starting new HTTPS connection (1): kroki.io:443
2024-12-20 14:33:08,421 - [0;34mDEBUG[0m - https://kroki.io:443 "POST /nwdiag/png HTTP/11" 200 8757
2024-12-20 14:33:08,424 - [0;32mINFO[0m - Generated nwdiag diagram using Kroki: docs/diagrams/Examples/nwdiag_0.png
2024-12-20 14:33:08,425 - [0;34mDEBUG[0m - Starting new HTTPS connection (1): kroki.io:443
2024-12-20 14:33:09,615 - [0;34mDEBUG[0m - https://kroki.io:443 "POST /nwdiag/png HTTP/11" 200 8914
2024-12-20 14:33:09,616 - [0;32mINFO[0m - Generated nwdiag diagram using Kroki: docs/diagrams/Examples/nwdiag_1.png
2024-12-20 14:33:09,617 - [0;34mDEBUG[0m - Starting new HTTPS connection (1): kroki.io:443
2024-12-20 14:33:10,944 - [0;34mDEBUG[0m - https://kroki.io:443 "POST /nwdiag/png HTTP/11" 200 16906
2024-12-20 14:33:10,945 - [0;32mINFO[0m - Generated nwdiag diagram using Kroki: docs/diagrams/Examples/nwdiag_2.png
2024-12-20 14:33:10,947 - [0;34mDEBUG[0m - Starting new HTTPS connection (1): kroki.io:443
2024-12-20 14:33:12,259 - [0;34mDEBUG[0m - https://kroki.io:443 "POST /nwdiag/png HTTP/11" 200 11473
2024-12-20 14:33:12,259 - [0;32mINFO[0m - Generated nwdiag diagram using Kroki: docs/diagrams/Examples/nwdiag_3.png
2024-12-20 14:33:12,261 - [0;34mDEBUG[0m - Starting new HTTPS connection (1): kroki.io:443
2024-12-20 14:33:13,232 - [0;34mDEBUG[0m - https://kroki.io:443 "POST /nwdiag/png HTTP/11" 200 0
2024-12-20 14:33:13,232 - [0;32mINFO[0m - Generated nwdiag diagram using Kroki: docs/diagrams/Examples/nwdiag_4.png
2024-12-20 14:33:13,233 - [0;34mDEBUG[0m - Starting new HTTPS connection (1): kroki.io:443
2024-12-20 14:33:14,302 - [0;34mDEBUG[0m - https://kroki.io:443 "POST /nwdiag/png HTTP/11" 200 0
2024-12-20 14:33:14,303 - [0;32mINFO[0m - Generated nwdiag diagram using Kroki: docs/diagrams/Examples/nwdiag_5.png
2024-12-20 14:33:14,304 - [0;34mDEBUG[0m - Starting new HTTPS connection (1): kroki.io:443
2024-12-20 14:33:15,271 - [0;34mDEBUG[0m - https://kroki.io:443 "POST /nwdiag/png HTTP/11" 200 0
2024-12-20 14:33:15,272 - [0;32mINFO[0m - Generated nwdiag diagram using Kroki: docs/diagrams/Examples/nwdiag_6.png
2024-12-20 14:33:15,273 - [0;32mINFO[0m - Saved processed markdown file: docs/diagrams/Examples/nwdiag.md
2024-12-20 14:33:15,274 - [0;32mINFO[0m - Processing markdown file: docs-src/Examples/0001-record-architecture-decisions.md
2024-12-20 14:33:15,274 - [0;32mINFO[0m - Saved processed markdown file: docs/diagrams/Examples/0001-record-architecture-decisions.md
2024-12-20 14:33:15,275 - [0;32mINFO[0m - Processing markdown file: docs-src/Examples/plantuml_full.md
2024-12-20 14:33:15,992 - [0;32mINFO[0m - Generated plantuml diagram: docs/diagrams/Examples/plantuml_full_0.png
2024-12-20 14:33:16,963 - [0;32mINFO[0m - Generated plantuml diagram: docs/diagrams/Examples/plantuml_full_1.png
2024-12-20 14:33:17,881 - [0;32mINFO[0m - Generated plantuml diagram: docs/diagrams/Examples/plantuml_full_2.png
2024-12-20 14:33:18,972 - [0;32mINFO[0m - Generated plantuml diagram: docs/diagrams/Examples/plantuml_full_3.png
2024-12-20 14:33:19,889 - [0;32mINFO[0m - Generated plantuml diagram: docs/diagrams/Examples/plantuml_full_4.png
2024-12-20 14:33:20,958 - [0;32mINFO[0m - Generated plantuml diagram: docs/diagrams/Examples/plantuml_full_5.png
2024-12-20 14:33:22,396 - [0;32mINFO[0m - Generated plantuml diagram: docs/diagrams/Examples/plantuml_full_6.png
2024-12-20 14:33:23,677 - [0;32mINFO[0m - Generated plantuml diagram: docs/diagrams/Examples/plantuml_full_7.png
2024-12-20 14:33:25,480 - [0;32mINFO[0m - Generated plantuml diagram: docs/diagrams/Examples/plantuml_full_8.png
2024-12-20 14:33:26,749 - [0;32mINFO[0m - Generated plantuml diagram: docs/diagrams/Examples/plantuml_full_9.png
2024-12-20 14:33:27,817 - [0;32mINFO[0m - Generated plantuml diagram: docs/diagrams/Examples/plantuml_full_10.png
2024-12-20 14:33:28,735 - [0;32mINFO[0m - Generated plantuml diagram: docs/diagrams/Examples/plantuml_full_11.png
2024-12-20 14:33:29,904 - [0;32mINFO[0m - Generated plantuml diagram: docs/diagrams/Examples/plantuml_full_12.png
2024-12-20 14:33:31,223 - [0;32mINFO[0m - Generated plantuml diagram: docs/diagrams/Examples/plantuml_full_13.png
2024-12-20 14:33:32,094 - [0;32mINFO[0m - Generated plantuml diagram: docs/diagrams/Examples/plantuml_full_14.png
2024-12-20 14:33:33,013 - [0;32mINFO[0m - Generated plantuml diagram: docs/diagrams/Examples/plantuml_full_15.png
2024-12-20 14:33:34,134 - [0;32mINFO[0m - Generated plantuml diagram: docs/diagrams/Examples/plantuml_full_16.png
2024-12-20 14:33:36,009 - [0;32mINFO[0m - Generated plantuml diagram: docs/diagrams/Examples/plantuml_full_17.png
2024-12-20 14:33:36,009 - [0;32mINFO[0m - Saved processed markdown file: docs/diagrams/Examples/plantuml_full.md
2024-12-20 14:33:36,010 - [0;32mINFO[0m - Saved metadata file: docs/diagrams/diagram_metadata.json
2024-12-20 14:33:36,011 - [0;32mINFO[0m - Processing complete!
2024-12-20 14:35:56,779 - [0;32mINFO[0m - Starting script...
2024-12-20 14:35:56,780 - [0;32mINFO[0m - Processing markdown file: docs-src/Examples/graphviz.md
2024-12-20 14:35:56,782 - [0;32mINFO[0m - Command: ['dot', '-Tpng', '-o', 'docs/diagrams/Examples/graphviz_0.png', 'docs/diagrams/Examples/graphviz_0.tmp']
2024-12-20 14:35:56,847 - [0;32mINFO[0m - Generated graphviz diagram: docs/diagrams/Examples/graphviz_0.png
2024-12-20 14:35:56,848 - [0;32mINFO[0m - Command: ['dot', '-Tpng', '-o', 'docs/diagrams/Examples/graphviz_1.png', 'docs/diagrams/Examples/graphviz_1.tmp']
2024-12-20 14:35:56,913 - [0;32mINFO[0m - Generated graphviz diagram: docs/diagrams/Examples/graphviz_1.png
2024-12-20 14:35:56,913 - [0;32mINFO[0m - Command: ['dot', '-Tpng', '-o', 'docs/diagrams/Examples/graphviz_2.png', 'docs/diagrams/Examples/graphviz_2.tmp']
2024-12-20 14:35:56,978 - [0;32mINFO[0m - Generated graphviz diagram: docs/diagrams/Examples/graphviz_2.png
2024-12-20 14:35:56,979 - [0;32mINFO[0m - Command: ['dot', '-Tpng', '-o', 'docs/diagrams/Examples/graphviz_3.png', 'docs/diagrams/Examples/graphviz_3.tmp']
2024-12-20 14:35:57,093 - [0;32mINFO[0m - Generated graphviz diagram: docs/diagrams/Examples/graphviz_3.png
2024-12-20 14:35:57,094 - [0;32mINFO[0m - Command: ['dot', '-Tpng', '-o', 'docs/diagrams/Examples/graphviz_4.png', 'docs/diagrams/Examples/graphviz_4.tmp']
2024-12-20 14:35:57,209 - [0;32mINFO[0m - Generated graphviz diagram: docs/diagrams/Examples/graphviz_4.png
2024-12-20 14:35:57,210 - [0;32mINFO[0m - Command: ['dot', '-Tpng', '-o', 'docs/diagrams/Examples/graphviz_5.png', 'docs/diagrams/Examples/graphviz_5.tmp']
2024-12-20 14:35:57,375 - [0;32mINFO[0m - Generated graphviz diagram: docs/diagrams/Examples/graphviz_5.png
2024-12-20 14:35:57,376 - [0;32mINFO[0m - Command: ['dot', '-Tpng', '-o', 'docs/diagrams/Examples/graphviz_6.png', 'docs/diagrams/Examples/graphviz_6.tmp']
2024-12-20 14:35:57,491 - [0;32mINFO[0m - Generated graphviz diagram: docs/diagrams/Examples/graphviz_6.png
2024-12-20 14:35:57,492 - [0;32mINFO[0m - Command: ['dot', '-Tpng', '-o', 'docs/diagrams/Examples/graphviz_7.png', 'docs/diagrams/Examples/graphviz_7.tmp']
2024-12-20 14:35:57,807 - [0;32mINFO[0m - Generated graphviz diagram: docs/diagrams/Examples/graphviz_7.png
2024-12-20 14:35:57,808 - [0;32mINFO[0m - Command: ['dot', '-Tpng', '-o', 'docs/diagrams/Examples/graphviz_8.png', 'docs/diagrams/Examples/graphviz_8.tmp']
2024-12-20 14:35:57,872 - [0;32mINFO[0m - Generated graphviz diagram: docs/diagrams/Examples/graphviz_8.png
2024-12-20 14:35:57,873 - [0;32mINFO[0m - Command: ['dot', '-Tpng', '-o', 'docs/diagrams/Examples/graphviz_9.png', 'docs/diagrams/Examples/graphviz_9.tmp']
2024-12-20 14:35:58,038 - [0;32mINFO[0m - Generated graphviz diagram: docs/diagrams/Examples/graphviz_9.png
2024-12-20 14:35:58,038 - [0;32mINFO[0m - Command: ['dot', '-Tpng', '-o', 'docs/diagrams/Examples/graphviz_10.png', 'docs/diagrams/Examples/graphviz_10.tmp']
2024-12-20 14:35:58,103 - [0;32mINFO[0m - Generated graphviz diagram: docs/diagrams/Examples/graphviz_10.png
2024-12-20 14:35:58,104 - [0;32mINFO[0m - Saved processed markdown file: docs/diagrams/Examples/graphviz.md
2024-12-20 14:35:58,104 - [0;32mINFO[0m - Processing markdown file: docs-src/Examples/mermaid.md
2024-12-20 14:35:58,104 - [0;32mINFO[0m - Command: ['mmdc', '-i', 'docs/diagrams/Examples/mermaid_0.tmp', '-o', 'docs/diagrams/Examples/mermaid_0.png']
2024-12-20 14:35:59,729 - [0;32mINFO[0m - Generated mermaid diagram: docs/diagrams/Examples/mermaid_0.png
2024-12-20 14:35:59,732 - [0;32mINFO[0m - Command: ['mmdc', '-i', 'docs/diagrams/Examples/mermaid_1.tmp', '-o', 'docs/diagrams/Examples/mermaid_1.png']
2024-12-20 14:36:03,018 - [0;32mINFO[0m - Generated mermaid diagram: docs/diagrams/Examples/mermaid_1.png
2024-12-20 14:36:03,019 - [0;32mINFO[0m - Command: ['mmdc', '-i', 'docs/diagrams/Examples/mermaid_2.tmp', '-o', 'docs/diagrams/Examples/mermaid_2.png']
2024-12-20 14:36:05,445 - [0;32mINFO[0m - Generated mermaid diagram: docs/diagrams/Examples/mermaid_2.png
2024-12-20 14:36:05,446 - [0;32mINFO[0m - Command: ['mmdc', '-i', 'docs/diagrams/Examples/mermaid_3.tmp', '-o', 'docs/diagrams/Examples/mermaid_3.png']
2024-12-20 14:36:07,821 - [0;32mINFO[0m - Generated mermaid diagram: docs/diagrams/Examples/mermaid_3.png
2024-12-20 14:36:07,822 - [0;32mINFO[0m - Command: ['mmdc', '-i', 'docs/diagrams/Examples/mermaid_4.tmp', '-o', 'docs/diagrams/Examples/mermaid_4.png']
2024-12-20 14:36:09,997 - [0;32mINFO[0m - Generated mermaid diagram: docs/diagrams/Examples/mermaid_4.png
2024-12-20 14:36:09,998 - [0;32mINFO[0m - Command: ['mmdc', '-i', 'docs/diagrams/Examples/mermaid_5.tmp', '-o', 'docs/diagrams/Examples/mermaid_5.png']
2024-12-20 14:36:12,279 - [0;32mINFO[0m - Generated mermaid diagram: docs/diagrams/Examples/mermaid_5.png
2024-12-20 14:36:12,281 - [0;32mINFO[0m - Command: ['mmdc', '-i', 'docs/diagrams/Examples/mermaid_6.tmp', '-o', 'docs/diagrams/Examples/mermaid_6.png']
2024-12-20 14:36:14,508 - [0;32mINFO[0m - Generated mermaid diagram: docs/diagrams/Examples/mermaid_6.png
2024-12-20 14:36:14,508 - [0;32mINFO[0m - Command: ['mmdc', '-i', 'docs/diagrams/Examples/mermaid_7.tmp', '-o', 'docs/diagrams/Examples/mermaid_7.png']
2024-12-20 14:36:16,683 - [0;32mINFO[0m - Generated mermaid diagram: docs/diagrams/Examples/mermaid_7.png
2024-12-20 14:36:16,683 - [0;32mINFO[0m - Command: ['mmdc', '-i', 'docs/diagrams/Examples/mermaid_8.tmp', '-o', 'docs/diagrams/Examples/mermaid_8.png']
2024-12-20 14:36:18,630 - [0;32mINFO[0m - Generated mermaid diagram: docs/diagrams/Examples/mermaid_8.png
2024-12-20 14:36:18,630 - [0;32mINFO[0m - Command: ['mmdc', '-i', 'docs/diagrams/Examples/mermaid_9.tmp', '-o', 'docs/diagrams/Examples/mermaid_9.png']
2024-12-20 14:36:20,614 - [0;32mINFO[0m - Generated mermaid diagram: docs/diagrams/Examples/mermaid_9.png
2024-12-20 14:36:20,614 - [0;32mINFO[0m - Command: ['mmdc', '-i', 'docs/diagrams/Examples/mermaid_10.tmp', '-o', 'docs/diagrams/Examples/mermaid_10.png']
2024-12-20 14:36:22,488 - [0;32mINFO[0m - Generated mermaid diagram: docs/diagrams/Examples/mermaid_10.png
2024-12-20 14:36:22,489 - [0;32mINFO[0m - Command: ['mmdc', '-i', 'docs/diagrams/Examples/mermaid_11.tmp', '-o', 'docs/diagrams/Examples/mermaid_11.png']
2024-12-20 14:36:24,612 - [0;32mINFO[0m - Generated mermaid diagram: docs/diagrams/Examples/mermaid_11.png
2024-12-20 14:36:24,612 - [0;32mINFO[0m - Command: ['mmdc', '-i', 'docs/diagrams/Examples/mermaid_12.tmp', '-o', 'docs/diagrams/Examples/mermaid_12.png']
2024-12-20 14:36:26,987 - [0;32mINFO[0m - Generated mermaid diagram: docs/diagrams/Examples/mermaid_12.png
2024-12-20 14:36:26,988 - [0;32mINFO[0m - Command: ['mmdc', '-i', 'docs/diagrams/Examples/mermaid_13.tmp', '-o', 'docs/diagrams/Examples/mermaid_13.png']
2024-12-20 14:36:28,823 - [0;32mINFO[0m - Generated mermaid diagram: docs/diagrams/Examples/mermaid_13.png
2024-12-20 14:36:28,824 - [0;32mINFO[0m - Command: ['mmdc', '-i', 'docs/diagrams/Examples/mermaid_14.tmp', '-o', 'docs/diagrams/Examples/mermaid_14.png']
2024-12-20 14:36:30,746 - [0;32mINFO[0m - Generated mermaid diagram: docs/diagrams/Examples/mermaid_14.png
2024-12-20 14:36:30,747 - [0;32mINFO[0m - Command: ['mmdc', '-i', 'docs/diagrams/Examples/mermaid_15.tmp', '-o', 'docs/diagrams/Examples/mermaid_15.png']
2024-12-20 14:36:32,475 - [0;32mINFO[0m - Generated mermaid diagram: docs/diagrams/Examples/mermaid_15.png
2024-12-20 14:36:32,476 - [0;32mINFO[0m - Command: ['mmdc', '-i', 'docs/diagrams/Examples/mermaid_16.tmp', '-o', 'docs/diagrams/Examples/mermaid_16.png']
2024-12-20 14:36:34,048 - [0;32mINFO[0m - Generated mermaid diagram: docs/diagrams/Examples/mermaid_16.png
2024-12-20 14:36:34,049 - [0;32mINFO[0m - Command: ['mmdc', '-i', 'docs/diagrams/Examples/mermaid_17.tmp', '-o', 'docs/diagrams/Examples/mermaid_17.png']
2024-12-20 14:36:35,769 - [0;32mINFO[0m - Generated mermaid diagram: docs/diagrams/Examples/mermaid_17.png
2024-12-20 14:36:35,770 - [0;32mINFO[0m - Command: ['mmdc', '-i', 'docs/diagrams/Examples/mermaid_18.tmp', '-o', 'docs/diagrams/Examples/mermaid_18.png']
2024-12-20 14:36:37,494 - [0;32mINFO[0m - Generated mermaid diagram: docs/diagrams/Examples/mermaid_18.png
2024-12-20 14:36:37,494 - [0;32mINFO[0m - Command: ['mmdc', '-i', 'docs/diagrams/Examples/mermaid_19.tmp', '-o', 'docs/diagrams/Examples/mermaid_19.png']
2024-12-20 14:36:39,215 - [0;32mINFO[0m - Generated mermaid diagram: docs/diagrams/Examples/mermaid_19.png
2024-12-20 14:36:39,215 - [0;32mINFO[0m - Command: ['mmdc', '-i', 'docs/diagrams/Examples/mermaid_20.tmp', '-o', 'docs/diagrams/Examples/mermaid_20.png']
2024-12-20 14:36:41,036 - [0;32mINFO[0m - Generated mermaid diagram: docs/diagrams/Examples/mermaid_20.png
2024-12-20 14:36:41,037 - [0;32mINFO[0m - Saved processed markdown file: docs/diagrams/Examples/mermaid.md
2024-12-20 14:36:41,037 - [0;32mINFO[0m - Processing markdown file: docs-src/Examples/vega.md
2024-12-20 14:36:41,038 - [0;32mINFO[0m - Command: ['vg2png', 'docs/diagrams/Examples/vega_0.tmp', '>', 'docs/diagrams/Examples/vega_0.png']
2024-12-20 14:36:41,214 - [0;32mINFO[0m - Generated vega diagram: docs/diagrams/Examples/vega_0.png
2024-12-20 14:36:41,215 - [0;32mINFO[0m - Command: ['vg2png', 'docs/diagrams/Examples/vega_1.tmp', '>', 'docs/diagrams/Examples/vega_1.png']
2024-12-20 14:36:41,480 - [0;32mINFO[0m - Generated vega diagram: docs/diagrams/Examples/vega_1.png
2024-12-20 14:36:41,481 - [0;32mINFO[0m - Command: ['vg2png', 'docs/diagrams/Examples/vega_2.tmp', '>', 'docs/diagrams/Examples/vega_2.png']
2024-12-20 14:36:41,797 - [0;32mINFO[0m - Generated vega diagram: docs/diagrams/Examples/vega_2.png
2024-12-20 14:36:41,797 - [0;32mINFO[0m - Saved processed markdown file: docs/diagrams/Examples/vega.md
2024-12-20 14:36:41,798 - [0;32mINFO[0m - Processing markdown file: docs-src/Examples/wavedrom.md
2024-12-20 14:36:41,798 - [0;32mINFO[0m - Command: ['wavedrom-cli', '-i', 'docs/diagrams/Examples/wavedrom_0.tmp', '-p', 'docs/diagrams/Examples/wavedrom_0.png']
2024-12-20 14:36:42,567 - [0;32mINFO[0m - Generated wavedrom diagram: docs/diagrams/Examples/wavedrom_0.png
2024-12-20 14:36:42,567 - [0;32mINFO[0m - Command: ['wavedrom-cli', '-i', 'docs/diagrams/Examples/wavedrom_1.tmp', '-p', 'docs/diagrams/Examples/wavedrom_1.png']
2024-12-20 14:36:43,236 - [0;32mINFO[0m - Generated wavedrom diagram: docs/diagrams/Examples/wavedrom_1.png
2024-12-20 14:36:43,236 - [0;32mINFO[0m - Command: ['wavedrom-cli', '-i', 'docs/diagrams/Examples/wavedrom_2.tmp', '-p', 'docs/diagrams/Examples/wavedrom_2.png']
2024-12-20 14:36:43,704 - [0;32mINFO[0m - Generated wavedrom diagram: docs/diagrams/Examples/wavedrom_2.png
2024-12-20 14:36:43,704 - [0;32mINFO[0m - Command: ['wavedrom-cli', '-i', 'docs/diagrams/Examples/wavedrom_3.tmp', '-p', 'docs/diagrams/Examples/wavedrom_3.png']
2024-12-20 14:36:44,170 - [0;32mINFO[0m - Generated wavedrom diagram: docs/diagrams/Examples/wavedrom_3.png
2024-12-20 14:36:44,171 - [0;32mINFO[0m - Command: ['wavedrom-cli', '-i', 'docs/diagrams/Examples/wavedrom_4.tmp', '-p', 'docs/diagrams/Examples/wavedrom_4.png']
2024-12-20 14:36:44,639 - [0;32mINFO[0m - Generated wavedrom diagram: docs/diagrams/Examples/wavedrom_4.png
2024-12-20 14:36:44,640 - [0;32mINFO[0m - Command: ['wavedrom-cli', '-i', 'docs/diagrams/Examples/wavedrom_5.tmp', '-p', 'docs/diagrams/Examples/wavedrom_5.png']
2024-12-20 14:36:45,057 - [0;32mINFO[0m - Generated wavedrom diagram: docs/diagrams/Examples/wavedrom_5.png
2024-12-20 14:36:45,057 - [0;32mINFO[0m - Saved processed markdown file: docs/diagrams/Examples/wavedrom.md
2024-12-20 14:36:45,057 - [0;32mINFO[0m - Processing markdown file: docs-src/Examples/nwdiag.md
2024-12-20 14:36:45,059 - [0;34mDEBUG[0m - Starting new HTTPS connection (1): kroki.io:443
2024-12-20 14:36:46,681 - [0;34mDEBUG[0m - https://kroki.io:443 "POST /nwdiag/png HTTP/11" 200 8757
2024-12-20 14:36:46,681 - [0;32mINFO[0m - Generated nwdiag diagram using Kroki: docs/diagrams/Examples/nwdiag_0.png
2024-12-20 14:36:46,682 - [0;34mDEBUG[0m - Starting new HTTPS connection (1): kroki.io:443
2024-12-20 14:36:47,917 - [0;34mDEBUG[0m - https://kroki.io:443 "POST /nwdiag/png HTTP/11" 200 8914
2024-12-20 14:36:47,919 - [0;32mINFO[0m - Generated nwdiag diagram using Kroki: docs/diagrams/Examples/nwdiag_1.png
2024-12-20 14:36:47,920 - [0;34mDEBUG[0m - Starting new HTTPS connection (1): kroki.io:443
2024-12-20 14:36:49,357 - [0;34mDEBUG[0m - https://kroki.io:443 "POST /nwdiag/png HTTP/11" 200 16906
2024-12-20 14:36:49,358 - [0;32mINFO[0m - Generated nwdiag diagram using Kroki: docs/diagrams/Examples/nwdiag_2.png
2024-12-20 14:36:49,360 - [0;34mDEBUG[0m - Starting new HTTPS connection (1): kroki.io:443
2024-12-20 14:36:50,884 - [0;34mDEBUG[0m - https://kroki.io:443 "POST /nwdiag/png HTTP/11" 200 11473
2024-12-20 14:36:50,884 - [0;32mINFO[0m - Generated nwdiag diagram using Kroki: docs/diagrams/Examples/nwdiag_3.png
2024-12-20 14:36:50,885 - [0;34mDEBUG[0m - Starting new HTTPS connection (1): kroki.io:443
2024-12-20 14:36:52,281 - [0;34mDEBUG[0m - https://kroki.io:443 "POST /nwdiag/png HTTP/11" 200 0
2024-12-20 14:36:52,282 - [0;32mINFO[0m - Generated nwdiag diagram using Kroki: docs/diagrams/Examples/nwdiag_4.png
2024-12-20 14:36:52,284 - [0;34mDEBUG[0m - Starting new HTTPS connection (1): kroki.io:443
2024-12-20 14:36:53,318 - [0;34mDEBUG[0m - https://kroki.io:443 "POST /nwdiag/png HTTP/11" 200 0
2024-12-20 14:36:53,319 - [0;32mINFO[0m - Generated nwdiag diagram using Kroki: docs/diagrams/Examples/nwdiag_5.png
2024-12-20 14:36:53,320 - [0;34mDEBUG[0m - Starting new HTTPS connection (1): kroki.io:443
2024-12-20 14:36:54,367 - [0;34mDEBUG[0m - https://kroki.io:443 "POST /nwdiag/png HTTP/11" 200 0
2024-12-20 14:36:54,368 - [0;32mINFO[0m - Generated nwdiag diagram using Kroki: docs/diagrams/Examples/nwdiag_6.png
2024-12-20 14:36:54,369 - [0;32mINFO[0m - Saved processed markdown file: docs/diagrams/Examples/nwdiag.md
2024-12-20 14:36:54,370 - [0;32mINFO[0m - Processing markdown file: docs-src/Examples/0001-record-architecture-decisions.md
2024-12-20 14:36:54,371 - [0;32mINFO[0m - Saved processed markdown file: docs/diagrams/Examples/0001-record-architecture-decisions.md
2024-12-20 14:36:54,371 - [0;32mINFO[0m - Processing markdown file: docs-src/Examples/plantuml_full.md
2024-12-20 14:36:54,372 - [0;32mINFO[0m - Command: ['plantuml', '-tpng', 'docs/diagrams/Examples/plantuml_full_0.tmp', '-o', '.']
2024-12-20 14:36:55,039 - [0;32mINFO[0m - Generated plantuml diagram: docs/diagrams/Examples/plantuml_full_0.png
2024-12-20 14:36:55,039 - [0;32mINFO[0m - Command: ['plantuml', '-tpng', 'docs/diagrams/Examples/plantuml_full_1.tmp', '-o', '.']
2024-12-20 14:36:55,906 - [0;32mINFO[0m - Generated plantuml diagram: docs/diagrams/Examples/plantuml_full_1.png
2024-12-20 14:36:55,907 - [0;32mINFO[0m - Command: ['plantuml', '-tpng', 'docs/diagrams/Examples/plantuml_full_2.tmp', '-o', '.']
2024-12-20 14:36:56,874 - [0;32mINFO[0m - Generated plantuml diagram: docs/diagrams/Examples/plantuml_full_2.png
2024-12-20 14:36:56,874 - [0;32mINFO[0m - Command: ['plantuml', '-tpng', 'docs/diagrams/Examples/plantuml_full_3.tmp', '-o', '.']
2024-12-20 14:36:57,642 - [0;32mINFO[0m - Generated plantuml diagram: docs/diagrams/Examples/plantuml_full_3.png
2024-12-20 14:36:57,642 - [0;32mINFO[0m - Command: ['plantuml', '-tpng', 'docs/diagrams/Examples/plantuml_full_4.tmp', '-o', '.']
2024-12-20 14:36:58,610 - [0;32mINFO[0m - Generated plantuml diagram: docs/diagrams/Examples/plantuml_full_4.png
2024-12-20 14:36:58,611 - [0;32mINFO[0m - Command: ['plantuml', '-tpng', 'docs/diagrams/Examples/plantuml_full_5.tmp', '-o', '.']
2024-12-20 14:36:59,427 - [0;32mINFO[0m - Generated plantuml diagram: docs/diagrams/Examples/plantuml_full_5.png
2024-12-20 14:36:59,427 - [0;32mINFO[0m - Command: ['plantuml', '-tpng', 'docs/diagrams/Examples/plantuml_full_6.tmp', '-o', '.']
2024-12-20 14:37:00,294 - [0;32mINFO[0m - Generated plantuml diagram: docs/diagrams/Examples/plantuml_full_6.png
2024-12-20 14:37:00,294 - [0;32mINFO[0m - Command: ['plantuml', '-tpng', 'docs/diagrams/Examples/plantuml_full_7.tmp', '-o', '.']
2024-12-20 14:37:02,220 - [0;32mINFO[0m - Generated plantuml diagram: docs/diagrams/Examples/plantuml_full_7.png
2024-12-20 14:37:02,221 - [0;32mINFO[0m - Command: ['plantuml', '-tpng', 'docs/diagrams/Examples/plantuml_full_8.tmp', '-o', '.']
2024-12-20 14:37:03,398 - [0;32mINFO[0m - Generated plantuml diagram: docs/diagrams/Examples/plantuml_full_8.png
2024-12-20 14:37:03,399 - [0;32mINFO[0m - Command: ['plantuml', '-tpng', 'docs/diagrams/Examples/plantuml_full_9.tmp', '-o', '.']
2024-12-20 14:37:04,566 - [0;32mINFO[0m - Generated plantuml diagram: docs/diagrams/Examples/plantuml_full_9.png
2024-12-20 14:37:04,567 - [0;32mINFO[0m - Command: ['plantuml', '-tpng', 'docs/diagrams/Examples/plantuml_full_10.tmp', '-o', '.']
2024-12-20 14:37:05,434 - [0;32mINFO[0m - Generated plantuml diagram: docs/diagrams/Examples/plantuml_full_10.png
2024-12-20 14:37:05,434 - [0;32mINFO[0m - Command: ['plantuml', '-tpng', 'docs/diagrams/Examples/plantuml_full_11.tmp', '-o', '.']
2024-12-20 14:37:06,301 - [0;32mINFO[0m - Generated plantuml diagram: docs/diagrams/Examples/plantuml_full_11.png
2024-12-20 14:37:06,301 - [0;32mINFO[0m - Command: ['plantuml', '-tpng', 'docs/diagrams/Examples/plantuml_full_12.tmp', '-o', '.']
2024-12-20 14:37:07,268 - [0;32mINFO[0m - Generated plantuml diagram: docs/diagrams/Examples/plantuml_full_12.png
2024-12-20 14:37:07,269 - [0;32mINFO[0m - Command: ['plantuml', '-tpng', 'docs/diagrams/Examples/plantuml_full_13.tmp', '-o', '.']
2024-12-20 14:37:08,396 - [0;32mINFO[0m - Generated plantuml diagram: docs/diagrams/Examples/plantuml_full_13.png
2024-12-20 14:37:08,397 - [0;32mINFO[0m - Command: ['plantuml', '-tpng', 'docs/diagrams/Examples/plantuml_full_14.tmp', '-o', '.']
2024-12-20 14:37:09,264 - [0;32mINFO[0m - Generated plantuml diagram: docs/diagrams/Examples/plantuml_full_14.png
2024-12-20 14:37:09,264 - [0;32mINFO[0m - Command: ['plantuml', '-tpng', 'docs/diagrams/Examples/plantuml_full_15.tmp', '-o', '.']
2024-12-20 14:37:10,132 - [0;32mINFO[0m - Generated plantuml diagram: docs/diagrams/Examples/plantuml_full_15.png
2024-12-20 14:37:10,132 - [0;32mINFO[0m - Command: ['plantuml', '-tpng', 'docs/diagrams/Examples/plantuml_full_16.tmp', '-o', '.']
2024-12-20 14:37:11,153 - [0;32mINFO[0m - Generated plantuml diagram: docs/diagrams/Examples/plantuml_full_16.png
2024-12-20 14:37:11,154 - [0;32mINFO[0m - Command: ['plantuml', '-tpng', 'docs/diagrams/Examples/plantuml_full_17.tmp', '-o', '.']
2024-12-20 14:37:13,329 - [0;32mINFO[0m - Generated plantuml diagram: docs/diagrams/Examples/plantuml_full_17.png
2024-12-20 14:37:13,329 - [0;32mINFO[0m - Saved processed markdown file: docs/diagrams/Examples/plantuml_full.md
2024-12-20 14:37:13,330 - [0;32mINFO[0m - Saved metadata file: docs/diagrams/diagram_metadata.json
2024-12-20 14:37:13,330 - [0;32mINFO[0m - Processing complete!
2024-12-20 14:40:12,943 - [0;32mINFO[0m - Starting script...
2024-12-20 14:40:12,945 - [0;32mINFO[0m - Processing markdown file: docs-src/Examples/graphviz.md
2024-12-20 14:40:12,946 - [0;32mINFO[0m - Command: ['dot', '-Tpng', '-o', 'docs/diagrams/Examples/graphviz_0.png', 'docs/diagrams/Examples/graphviz_0.tmp']
2024-12-20 14:40:12,979 - [0;32mINFO[0m - Generated graphviz diagram: docs/diagrams/Examples/graphviz_0.png
2024-12-20 14:40:12,979 - [0;32mINFO[0m - Command: ['dot', '-Tpng', '-o', 'docs/diagrams/Examples/graphviz_1.png', 'docs/diagrams/Examples/graphviz_1.tmp']
2024-12-20 14:40:13,044 - [0;32mINFO[0m - Generated graphviz diagram: docs/diagrams/Examples/graphviz_1.png
2024-12-20 14:40:13,045 - [0;32mINFO[0m - Command: ['dot', '-Tpng', '-o', 'docs/diagrams/Examples/graphviz_2.png', 'docs/diagrams/Examples/graphviz_2.tmp']
2024-12-20 14:40:13,111 - [0;32mINFO[0m - Generated graphviz diagram: docs/diagrams/Examples/graphviz_2.png
2024-12-20 14:40:13,111 - [0;32mINFO[0m - Command: ['dot', '-Tpng', '-o', 'docs/diagrams/Examples/graphviz_3.png', 'docs/diagrams/Examples/graphviz_3.tmp']
2024-12-20 14:40:13,229 - [0;32mINFO[0m - Generated graphviz diagram: docs/diagrams/Examples/graphviz_3.png
2024-12-20 14:40:13,230 - [0;32mINFO[0m - Command: ['dot', '-Tpng', '-o', 'docs/diagrams/Examples/graphviz_4.png', 'docs/diagrams/Examples/graphviz_4.tmp']
2024-12-20 14:40:13,346 - [0;32mINFO[0m - Generated graphviz diagram: docs/diagrams/Examples/graphviz_4.png
2024-12-20 14:40:13,346 - [0;32mINFO[0m - Command: ['dot', '-Tpng', '-o', 'docs/diagrams/Examples/graphviz_5.png', 'docs/diagrams/Examples/graphviz_5.tmp']
2024-12-20 14:40:13,562 - [0;32mINFO[0m - Generated graphviz diagram: docs/diagrams/Examples/graphviz_5.png
2024-12-20 14:40:13,563 - [0;32mINFO[0m - Command: ['dot', '-Tpng', '-o', 'docs/diagrams/Examples/graphviz_6.png', 'docs/diagrams/Examples/graphviz_6.tmp']
2024-12-20 14:40:13,680 - [0;32mINFO[0m - Generated graphviz diagram: docs/diagrams/Examples/graphviz_6.png
2024-12-20 14:40:13,682 - [0;32mINFO[0m - Command: ['dot', '-Tpng', '-o', 'docs/diagrams/Examples/graphviz_7.png', 'docs/diagrams/Examples/graphviz_7.tmp']
2024-12-20 14:40:14,105 - [0;32mINFO[0m - Generated graphviz diagram: docs/diagrams/Examples/graphviz_7.png
2024-12-20 14:40:14,106 - [0;32mINFO[0m - Command: ['dot', '-Tpng', '-o', 'docs/diagrams/Examples/graphviz_8.png', 'docs/diagrams/Examples/graphviz_8.tmp']
2024-12-20 14:40:14,171 - [0;32mINFO[0m - Generated graphviz diagram: docs/diagrams/Examples/graphviz_8.png
2024-12-20 14:40:14,172 - [0;32mINFO[0m - Command: ['dot', '-Tpng', '-o', 'docs/diagrams/Examples/graphviz_9.png', 'docs/diagrams/Examples/graphviz_9.tmp']
2024-12-20 14:40:14,438 - [0;32mINFO[0m - Generated graphviz diagram: docs/diagrams/Examples/graphviz_9.png
2024-12-20 14:40:14,439 - [0;32mINFO[0m - Command: ['dot', '-Tpng', '-o', 'docs/diagrams/Examples/graphviz_10.png', 'docs/diagrams/Examples/graphviz_10.tmp']
2024-12-20 14:40:14,504 - [0;32mINFO[0m - Generated graphviz diagram: docs/diagrams/Examples/graphviz_10.png
2024-12-20 14:40:14,505 - [0;32mINFO[0m - Saved processed markdown file: docs/diagrams/Examples/graphviz.md
2024-12-20 14:40:14,505 - [0;32mINFO[0m - Processing markdown file: docs-src/Examples/mermaid.md
2024-12-20 14:40:14,506 - [0;32mINFO[0m - Command: ['mmdc', '-i', 'docs/diagrams/Examples/mermaid_0.tmp', '-o', 'docs/diagrams/Examples/mermaid_0.png']
2024-12-20 14:40:16,028 - [0;32mINFO[0m - Generated mermaid diagram: docs/diagrams/Examples/mermaid_0.png
2024-12-20 14:40:16,028 - [0;32mINFO[0m - Command: ['mmdc', '-i', 'docs/diagrams/Examples/mermaid_1.tmp', '-o', 'docs/diagrams/Examples/mermaid_1.png']
2024-12-20 14:40:17,421 - [0;32mINFO[0m - Generated mermaid diagram: docs/diagrams/Examples/mermaid_1.png
2024-12-20 14:40:17,421 - [0;32mINFO[0m - Command: ['mmdc', '-i', 'docs/diagrams/Examples/mermaid_2.tmp', '-o', 'docs/diagrams/Examples/mermaid_2.png']
2024-12-20 14:40:18,893 - [0;32mINFO[0m - Generated mermaid diagram: docs/diagrams/Examples/mermaid_2.png
2024-12-20 14:40:18,894 - [0;32mINFO[0m - Command: ['mmdc', '-i', 'docs/diagrams/Examples/mermaid_3.tmp', '-o', 'docs/diagrams/Examples/mermaid_3.png']
2024-12-20 14:40:20,415 - [0;32mINFO[0m - Generated mermaid diagram: docs/diagrams/Examples/mermaid_3.png
2024-12-20 14:40:20,415 - [0;32mINFO[0m - Command: ['mmdc', '-i', 'docs/diagrams/Examples/mermaid_4.tmp', '-o', 'docs/diagrams/Examples/mermaid_4.png']
2024-12-20 14:40:21,938 - [0;32mINFO[0m - Generated mermaid diagram: docs/diagrams/Examples/mermaid_4.png
2024-12-20 14:40:21,939 - [0;32mINFO[0m - Command: ['mmdc', '-i', 'docs/diagrams/Examples/mermaid_5.tmp', '-o', 'docs/diagrams/Examples/mermaid_5.png']
2024-12-20 14:40:23,265 - [0;32mINFO[0m - Generated mermaid diagram: docs/diagrams/Examples/mermaid_5.png
2024-12-20 14:40:23,266 - [0;32mINFO[0m - Command: ['mmdc', '-i', 'docs/diagrams/Examples/mermaid_6.tmp', '-o', 'docs/diagrams/Examples/mermaid_6.png']
2024-12-20 14:40:24,889 - [0;32mINFO[0m - Generated mermaid diagram: docs/diagrams/Examples/mermaid_6.png
2024-12-20 14:40:24,890 - [0;32mINFO[0m - Command: ['mmdc', '-i', 'docs/diagrams/Examples/mermaid_7.tmp', '-o', 'docs/diagrams/Examples/mermaid_7.png']
2024-12-20 14:40:26,410 - [0;32mINFO[0m - Generated mermaid diagram: docs/diagrams/Examples/mermaid_7.png
2024-12-20 14:40:26,410 - [0;32mINFO[0m - Command: ['mmdc', '-i', 'docs/diagrams/Examples/mermaid_8.tmp', '-o', 'docs/diagrams/Examples/mermaid_8.png']
2024-12-20 14:40:27,880 - [0;32mINFO[0m - Generated mermaid diagram: docs/diagrams/Examples/mermaid_8.png
2024-12-20 14:40:27,881 - [0;32mINFO[0m - Command: ['mmdc', '-i', 'docs/diagrams/Examples/mermaid_9.tmp', '-o', 'docs/diagrams/Examples/mermaid_9.png']
2024-12-20 14:40:29,305 - [0;32mINFO[0m - Generated mermaid diagram: docs/diagrams/Examples/mermaid_9.png
2024-12-20 14:40:29,305 - [0;32mINFO[0m - Command: ['mmdc', '-i', 'docs/diagrams/Examples/mermaid_10.tmp', '-o', 'docs/diagrams/Examples/mermaid_10.png']
2024-12-20 14:40:30,825 - [0;32mINFO[0m - Generated mermaid diagram: docs/diagrams/Examples/mermaid_10.png
2024-12-20 14:40:30,826 - [0;32mINFO[0m - Command: ['mmdc', '-i', 'docs/diagrams/Examples/mermaid_11.tmp', '-o', 'docs/diagrams/Examples/mermaid_11.png']
2024-12-20 14:40:32,348 - [0;32mINFO[0m - Generated mermaid diagram: docs/diagrams/Examples/mermaid_11.png
2024-12-20 14:40:32,348 - [0;32mINFO[0m - Command: ['mmdc', '-i', 'docs/diagrams/Examples/mermaid_12.tmp', '-o', 'docs/diagrams/Examples/mermaid_12.png']
2024-12-20 14:40:34,280 - [0;32mINFO[0m - Generated mermaid diagram: docs/diagrams/Examples/mermaid_12.png
2024-12-20 14:40:34,281 - [0;32mINFO[0m - Command: ['mmdc', '-i', 'docs/diagrams/Examples/mermaid_13.tmp', '-o', 'docs/diagrams/Examples/mermaid_13.png']
2024-12-20 14:40:35,951 - [0;32mINFO[0m - Generated mermaid diagram: docs/diagrams/Examples/mermaid_13.png
2024-12-20 14:40:35,952 - [0;32mINFO[0m - Command: ['mmdc', '-i', 'docs/diagrams/Examples/mermaid_14.tmp', '-o', 'docs/diagrams/Examples/mermaid_14.png']
2024-12-20 14:40:37,593 - [0;32mINFO[0m - Generated mermaid diagram: docs/diagrams/Examples/mermaid_14.png
2024-12-20 14:40:37,594 - [0;32mINFO[0m - Command: ['mmdc', '-i', 'docs/diagrams/Examples/mermaid_15.tmp', '-o', 'docs/diagrams/Examples/mermaid_15.png']
2024-12-20 14:40:39,063 - [0;32mINFO[0m - Generated mermaid diagram: docs/diagrams/Examples/mermaid_15.png
2024-12-20 14:40:39,064 - [0;32mINFO[0m - Command: ['mmdc', '-i', 'docs/diagrams/Examples/mermaid_16.tmp', '-o', 'docs/diagrams/Examples/mermaid_16.png']
2024-12-20 14:40:40,485 - [0;32mINFO[0m - Generated mermaid diagram: docs/diagrams/Examples/mermaid_16.png
2024-12-20 14:40:40,485 - [0;32mINFO[0m - Command: ['mmdc', '-i', 'docs/diagrams/Examples/mermaid_17.tmp', '-o', 'docs/diagrams/Examples/mermaid_17.png']
2024-12-20 14:40:41,854 - [0;32mINFO[0m - Generated mermaid diagram: docs/diagrams/Examples/mermaid_17.png
2024-12-20 14:40:41,855 - [0;32mINFO[0m - Command: ['mmdc', '-i', 'docs/diagrams/Examples/mermaid_18.tmp', '-o', 'docs/diagrams/Examples/mermaid_18.png']
2024-12-20 14:40:43,377 - [0;32mINFO[0m - Generated mermaid diagram: docs/diagrams/Examples/mermaid_18.png
2024-12-20 14:40:43,378 - [0;32mINFO[0m - Command: ['mmdc', '-i', 'docs/diagrams/Examples/mermaid_19.tmp', '-o', 'docs/diagrams/Examples/mermaid_19.png']
2024-12-20 14:40:44,800 - [0;32mINFO[0m - Generated mermaid diagram: docs/diagrams/Examples/mermaid_19.png
2024-12-20 14:40:44,801 - [0;32mINFO[0m - Command: ['mmdc', '-i', 'docs/diagrams/Examples/mermaid_20.tmp', '-o', 'docs/diagrams/Examples/mermaid_20.png']
2024-12-20 14:40:46,423 - [0;32mINFO[0m - Generated mermaid diagram: docs/diagrams/Examples/mermaid_20.png
2024-12-20 14:40:46,423 - [0;32mINFO[0m - Saved processed markdown file: docs/diagrams/Examples/mermaid.md
2024-12-20 14:40:46,423 - [0;32mINFO[0m - Processing markdown file: docs-src/Examples/vega.md
2024-12-20 14:40:46,424 - [0;32mINFO[0m - Command: ['vg2png', 'docs/diagrams/Examples/vega_0.tmp', '', 'docs/diagrams/Examples/vega_0.png']
2024-12-20 14:40:46,642 - [0;32mINFO[0m - Generated vega diagram: docs/diagrams/Examples/vega_0.png
2024-12-20 14:40:46,643 - [0;32mINFO[0m - Command: ['vg2png', 'docs/diagrams/Examples/vega_1.tmp', '', 'docs/diagrams/Examples/vega_1.png']
2024-12-20 14:40:46,859 - [0;32mINFO[0m - Generated vega diagram: docs/diagrams/Examples/vega_1.png
2024-12-20 14:40:46,859 - [0;32mINFO[0m - Command: ['vg2png', 'docs/diagrams/Examples/vega_2.tmp', '', 'docs/diagrams/Examples/vega_2.png']
2024-12-20 14:40:47,075 - [0;32mINFO[0m - Generated vega diagram: docs/diagrams/Examples/vega_2.png
2024-12-20 14:40:47,076 - [0;32mINFO[0m - Saved processed markdown file: docs/diagrams/Examples/vega.md
2024-12-20 14:40:47,076 - [0;32mINFO[0m - Processing markdown file: docs-src/Examples/wavedrom.md
2024-12-20 14:40:47,076 - [0;32mINFO[0m - Command: ['wavedrom-cli', '-i', 'docs/diagrams/Examples/wavedrom_0.tmp', '-p', 'docs/diagrams/Examples/wavedrom_0.png']
2024-12-20 14:40:47,543 - [0;32mINFO[0m - Generated wavedrom diagram: docs/diagrams/Examples/wavedrom_0.png
2024-12-20 14:40:47,544 - [0;32mINFO[0m - Command: ['wavedrom-cli', '-i', 'docs/diagrams/Examples/wavedrom_1.tmp', '-p', 'docs/diagrams/Examples/wavedrom_1.png']
2024-12-20 14:40:48,064 - [0;32mINFO[0m - Generated wavedrom diagram: docs/diagrams/Examples/wavedrom_1.png
2024-12-20 14:40:48,064 - [0;32mINFO[0m - Command: ['wavedrom-cli', '-i', 'docs/diagrams/Examples/wavedrom_2.tmp', '-p', 'docs/diagrams/Examples/wavedrom_2.png']
2024-12-20 14:40:48,533 - [0;32mINFO[0m - Generated wavedrom diagram: docs/diagrams/Examples/wavedrom_2.png
2024-12-20 14:40:48,533 - [0;32mINFO[0m - Command: ['wavedrom-cli', '-i', 'docs/diagrams/Examples/wavedrom_3.tmp', '-p', 'docs/diagrams/Examples/wavedrom_3.png']
2024-12-20 14:40:48,951 - [0;32mINFO[0m - Generated wavedrom diagram: docs/diagrams/Examples/wavedrom_3.png
2024-12-20 14:40:48,951 - [0;32mINFO[0m - Command: ['wavedrom-cli', '-i', 'docs/diagrams/Examples/wavedrom_4.tmp', '-p', 'docs/diagrams/Examples/wavedrom_4.png']
2024-12-20 14:40:49,419 - [0;32mINFO[0m - Generated wavedrom diagram: docs/diagrams/Examples/wavedrom_4.png
2024-12-20 14:40:49,420 - [0;32mINFO[0m - Command: ['wavedrom-cli', '-i', 'docs/diagrams/Examples/wavedrom_5.tmp', '-p', 'docs/diagrams/Examples/wavedrom_5.png']
2024-12-20 14:40:49,890 - [0;32mINFO[0m - Generated wavedrom diagram: docs/diagrams/Examples/wavedrom_5.png
2024-12-20 14:40:49,890 - [0;32mINFO[0m - Saved processed markdown file: docs/diagrams/Examples/wavedrom.md
2024-12-20 14:40:49,891 - [0;32mINFO[0m - Processing markdown file: docs-src/Examples/nwdiag.md
2024-12-20 14:40:49,892 - [0;34mDEBUG[0m - Starting new HTTPS connection (1): kroki.io:443
2024-12-20 14:40:51,259 - [0;34mDEBUG[0m - https://kroki.io:443 "POST /nwdiag/png HTTP/11" 200 8757
2024-12-20 14:40:51,260 - [0;32mINFO[0m - Generated nwdiag diagram using Kroki: docs/diagrams/Examples/nwdiag_0.png
2024-12-20 14:40:51,261 - [0;34mDEBUG[0m - Starting new HTTPS connection (1): kroki.io:443
2024-12-20 14:40:52,541 - [0;34mDEBUG[0m - https://kroki.io:443 "POST /nwdiag/png HTTP/11" 200 8914
2024-12-20 14:40:52,541 - [0;32mINFO[0m - Generated nwdiag diagram using Kroki: docs/diagrams/Examples/nwdiag_1.png
2024-12-20 14:40:52,542 - [0;34mDEBUG[0m - Starting new HTTPS connection (1): kroki.io:443
2024-12-20 14:40:54,166 - [0;34mDEBUG[0m - https://kroki.io:443 "POST /nwdiag/png HTTP/11" 200 16906
2024-12-20 14:40:54,168 - [0;32mINFO[0m - Generated nwdiag diagram using Kroki: docs/diagrams/Examples/nwdiag_2.png
2024-12-20 14:40:54,171 - [0;34mDEBUG[0m - Starting new HTTPS connection (1): kroki.io:443
2024-12-20 14:40:55,467 - [0;34mDEBUG[0m - https://kroki.io:443 "POST /nwdiag/png HTTP/11" 200 11473
2024-12-20 14:40:55,468 - [0;32mINFO[0m - Generated nwdiag diagram using Kroki: docs/diagrams/Examples/nwdiag_3.png
2024-12-20 14:40:55,469 - [0;34mDEBUG[0m - Starting new HTTPS connection (1): kroki.io:443
2024-12-20 14:40:56,536 - [0;34mDEBUG[0m - https://kroki.io:443 "POST /nwdiag/png HTTP/11" 200 0
2024-12-20 14:40:56,536 - [0;32mINFO[0m - Generated nwdiag diagram using Kroki: docs/diagrams/Examples/nwdiag_4.png
2024-12-20 14:40:56,538 - [0;34mDEBUG[0m - Starting new HTTPS connection (1): kroki.io:443
2024-12-20 14:40:57,593 - [0;34mDEBUG[0m - https://kroki.io:443 "POST /nwdiag/png HTTP/11" 200 0
2024-12-20 14:40:57,593 - [0;32mINFO[0m - Generated nwdiag diagram using Kroki: docs/diagrams/Examples/nwdiag_5.png
2024-12-20 14:40:57,594 - [0;34mDEBUG[0m - Starting new HTTPS connection (1): kroki.io:443
2024-12-20 14:40:58,664 - [0;34mDEBUG[0m - https://kroki.io:443 "POST /nwdiag/png HTTP/11" 200 0
2024-12-20 14:40:58,664 - [0;32mINFO[0m - Generated nwdiag diagram using Kroki: docs/diagrams/Examples/nwdiag_6.png
2024-12-20 14:40:58,664 - [0;32mINFO[0m - Saved processed markdown file: docs/diagrams/Examples/nwdiag.md
2024-12-20 14:40:58,665 - [0;32mINFO[0m - Processing markdown file: docs-src/Examples/0001-record-architecture-decisions.md
2024-12-20 14:40:58,665 - [0;32mINFO[0m - Saved processed markdown file: docs/diagrams/Examples/0001-record-architecture-decisions.md
2024-12-20 14:40:58,665 - [0;32mINFO[0m - Processing markdown file: docs-src/Examples/plantuml_full.md
2024-12-20 14:40:58,665 - [0;32mINFO[0m - Command: ['plantuml', '-tpng', 'docs/diagrams/Examples/plantuml_full_0.tmp', '-o', '.']
2024-12-20 14:40:59,483 - [0;32mINFO[0m - Generated plantuml diagram: docs/diagrams/Examples/plantuml_full_0.png
2024-12-20 14:40:59,484 - [0;32mINFO[0m - Command: ['plantuml', '-tpng', 'docs/diagrams/Examples/plantuml_full_1.tmp', '-o', '.']
2024-12-20 14:41:00,351 - [0;32mINFO[0m - Generated plantuml diagram: docs/diagrams/Examples/plantuml_full_1.png
2024-12-20 14:41:00,352 - [0;32mINFO[0m - Command: ['plantuml', '-tpng', 'docs/diagrams/Examples/plantuml_full_2.tmp', '-o', '.']
2024-12-20 14:41:02,129 - [0;32mINFO[0m - Generated plantuml diagram: docs/diagrams/Examples/plantuml_full_2.png
2024-12-20 14:41:02,129 - [0;32mINFO[0m - Command: ['plantuml', '-tpng', 'docs/diagrams/Examples/plantuml_full_3.tmp', '-o', '.']
2024-12-20 14:41:02,896 - [0;32mINFO[0m - Generated plantuml diagram: docs/diagrams/Examples/plantuml_full_3.png
2024-12-20 14:41:02,896 - [0;32mINFO[0m - Command: ['plantuml', '-tpng', 'docs/diagrams/Examples/plantuml_full_4.tmp', '-o', '.']
2024-12-20 14:41:03,714 - [0;32mINFO[0m - Generated plantuml diagram: docs/diagrams/Examples/plantuml_full_4.png
2024-12-20 14:41:03,714 - [0;32mINFO[0m - Command: ['plantuml', '-tpng', 'docs/diagrams/Examples/plantuml_full_5.tmp', '-o', '.']
2024-12-20 14:41:04,481 - [0;32mINFO[0m - Generated plantuml diagram: docs/diagrams/Examples/plantuml_full_5.png
2024-12-20 14:41:04,483 - [0;32mINFO[0m - Command: ['plantuml', '-tpng', 'docs/diagrams/Examples/plantuml_full_6.tmp', '-o', '.']
2024-12-20 14:41:05,452 - [0;32mINFO[0m - Generated plantuml diagram: docs/diagrams/Examples/plantuml_full_6.png
2024-12-20 14:41:05,453 - [0;32mINFO[0m - Command: ['plantuml', '-tpng', 'docs/diagrams/Examples/plantuml_full_7.tmp', '-o', '.']
2024-12-20 14:41:06,323 - [0;32mINFO[0m - Generated plantuml diagram: docs/diagrams/Examples/plantuml_full_7.png
2024-12-20 14:41:06,324 - [0;32mINFO[0m - Command: ['plantuml', '-tpng', 'docs/diagrams/Examples/plantuml_full_8.tmp', '-o', '.']
2024-12-20 14:41:07,140 - [0;32mINFO[0m - Generated plantuml diagram: docs/diagrams/Examples/plantuml_full_8.png
2024-12-20 14:41:07,140 - [0;32mINFO[0m - Command: ['plantuml', '-tpng', 'docs/diagrams/Examples/plantuml_full_9.tmp', '-o', '.']
2024-12-20 14:41:08,110 - [0;32mINFO[0m - Generated plantuml diagram: docs/diagrams/Examples/plantuml_full_9.png
2024-12-20 14:41:08,110 - [0;32mINFO[0m - Command: ['plantuml', '-tpng', 'docs/diagrams/Examples/plantuml_full_10.tmp', '-o', '.']
2024-12-20 14:41:08,927 - [0;32mINFO[0m - Generated plantuml diagram: docs/diagrams/Examples/plantuml_full_10.png
2024-12-20 14:41:08,928 - [0;32mINFO[0m - Command: ['plantuml', '-tpng', 'docs/diagrams/Examples/plantuml_full_11.tmp', '-o', '.']
2024-12-20 14:41:09,703 - [0;32mINFO[0m - Generated plantuml diagram: docs/diagrams/Examples/plantuml_full_11.png
2024-12-20 14:41:09,704 - [0;32mINFO[0m - Command: ['plantuml', '-tpng', 'docs/diagrams/Examples/plantuml_full_12.tmp', '-o', '.']
2024-12-20 14:41:10,722 - [0;32mINFO[0m - Generated plantuml diagram: docs/diagrams/Examples/plantuml_full_12.png
2024-12-20 14:41:10,722 - [0;32mINFO[0m - Command: ['plantuml', '-tpng', 'docs/diagrams/Examples/plantuml_full_13.tmp', '-o', '.']
2024-12-20 14:41:11,791 - [0;32mINFO[0m - Generated plantuml diagram: docs/diagrams/Examples/plantuml_full_13.png
2024-12-20 14:41:11,791 - [0;32mINFO[0m - Command: ['plantuml', '-tpng', 'docs/diagrams/Examples/plantuml_full_14.tmp', '-o', '.']
2024-12-20 14:41:12,608 - [0;32mINFO[0m - Generated plantuml diagram: docs/diagrams/Examples/plantuml_full_14.png
2024-12-20 14:41:12,608 - [0;32mINFO[0m - Command: ['plantuml', '-tpng', 'docs/diagrams/Examples/plantuml_full_15.tmp', '-o', '.']
2024-12-20 14:41:13,630 - [0;32mINFO[0m - Generated plantuml diagram: docs/diagrams/Examples/plantuml_full_15.png
2024-12-20 14:41:13,631 - [0;32mINFO[0m - Command: ['plantuml', '-tpng', 'docs/diagrams/Examples/plantuml_full_16.tmp', '-o', '.']
2024-12-20 14:41:14,699 - [0;32mINFO[0m - Generated plantuml diagram: docs/diagrams/Examples/plantuml_full_16.png
2024-12-20 14:41:14,700 - [0;32mINFO[0m - Command: ['plantuml', '-tpng', 'docs/diagrams/Examples/plantuml_full_17.tmp', '-o', '.']
2024-12-20 14:41:16,369 - [0;32mINFO[0m - Generated plantuml diagram: docs/diagrams/Examples/plantuml_full_17.png
2024-12-20 14:41:16,369 - [0;32mINFO[0m - Saved processed markdown file: docs/diagrams/Examples/plantuml_full.md
2024-12-20 14:41:16,371 - [0;32mINFO[0m - Saved metadata file: docs/diagrams/diagram_metadata.json
2024-12-20 14:41:16,371 - [0;32mINFO[0m - Processing complete!
2024-12-20 14:43:22,503 - [0;32mINFO[0m - Starting script...
2024-12-20 14:43:22,504 - [0;32mINFO[0m - Processing markdown file: docs-src/Examples/graphviz.md
2024-12-20 14:43:22,505 - [0;32mINFO[0m - Command: ['dot', '-Tpng', '-o', 'docs/diagrams/Examples/graphviz_0.png', 'docs/diagrams/Examples/graphviz_0.tmp']
2024-12-20 14:44:22,506 - [0;31mERROR[0m - Error: Command '['dot', '-Tpng', '-o', 'docs/diagrams/Examples/graphviz_0.png', 'docs/diagrams/Examples/graphviz_0.tmp']' timed out after 59.999978899999405 seconds
2024-12-20 14:45:26,848 - [0;32mINFO[0m - Starting script...
2024-12-20 14:45:26,849 - [0;32mINFO[0m - Processing markdown file: docs-src/Examples/graphviz.md
2024-12-20 14:45:26,850 - [0;32mINFO[0m - Command: ['dot', '-Tpng', '-o', 'docs/diagrams/Examples/graphviz_0.png', 'docs/diagrams/Examples/graphviz_0.tmp']
2024-12-20 14:46:00,644 - [0;32mINFO[0m - Starting script...
2024-12-20 14:46:00,647 - [0;32mINFO[0m - Processing markdown file: docs-src/Examples/graphviz.md
2024-12-20 14:46:00,648 - [0;32mINFO[0m - Command: ['dot', '-Tpng', '-o', 'docs/diagrams/Examples/graphviz_0.png', 'docs/diagrams/Examples/graphviz_0.tmp']
2024-12-20 14:46:57,945 - [0;32mINFO[0m - Starting script...
2024-12-20 14:46:57,947 - [0;32mINFO[0m - Processing markdown file: docs-src/Examples/graphviz.md
2024-12-20 14:46:57,949 - [0;32mINFO[0m - Command: ['dot', '-Tpng', '-o', 'docs/diagrams/Examples/graphviz_0.png', 'docs/diagrams/Examples/graphviz_0.tmp']
2024-12-20 14:46:57,982 - [0;32mINFO[0m - Generated graphviz diagram: docs/diagrams/Examples/graphviz_0.png
2024-12-20 14:46:57,982 - [0;32mINFO[0m - Command: ['dot', '-Tpng', '-o', 'docs/diagrams/Examples/graphviz_1.png', 'docs/diagrams/Examples/graphviz_1.tmp']
2024-12-20 14:46:58,048 - [0;32mINFO[0m - Generated graphviz diagram: docs/diagrams/Examples/graphviz_1.png
2024-12-20 14:46:58,049 - [0;32mINFO[0m - Command: ['dot', '-Tpng', '-o', 'docs/diagrams/Examples/graphviz_2.png', 'docs/diagrams/Examples/graphviz_2.tmp']
2024-12-20 14:46:58,115 - [0;32mINFO[0m - Generated graphviz diagram: docs/diagrams/Examples/graphviz_2.png
2024-12-20 14:46:58,117 - [0;32mINFO[0m - Command: ['dot', '-Tpng', '-o', 'docs/diagrams/Examples/graphviz_3.png', 'docs/diagrams/Examples/graphviz_3.tmp']
2024-12-20 14:46:58,231 - [0;32mINFO[0m - Generated graphviz diagram: docs/diagrams/Examples/graphviz_3.png
2024-12-20 14:46:58,232 - [0;32mINFO[0m - Command: ['dot', '-Tpng', '-o', 'docs/diagrams/Examples/graphviz_4.png', 'docs/diagrams/Examples/graphviz_4.tmp']
2024-12-20 14:46:58,349 - [0;32mINFO[0m - Generated graphviz diagram: docs/diagrams/Examples/graphviz_4.png
2024-12-20 14:46:58,349 - [0;32mINFO[0m - Command: ['dot', '-Tpng', '-o', 'docs/diagrams/Examples/graphviz_5.png', 'docs/diagrams/Examples/graphviz_5.tmp']
2024-12-20 14:46:58,564 - [0;32mINFO[0m - Generated graphviz diagram: docs/diagrams/Examples/graphviz_5.png
2024-12-20 14:46:58,565 - [0;32mINFO[0m - Command: ['dot', '-Tpng', '-o', 'docs/diagrams/Examples/graphviz_6.png', 'docs/diagrams/Examples/graphviz_6.tmp']
2024-12-20 14:46:58,680 - [0;32mINFO[0m - Generated graphviz diagram: docs/diagrams/Examples/graphviz_6.png
2024-12-20 14:46:58,680 - [0;32mINFO[0m - Command: ['dot', '-Tpng', '-o', 'docs/diagrams/Examples/graphviz_7.png', 'docs/diagrams/Examples/graphviz_7.tmp']
2024-12-20 14:46:59,147 - [0;32mINFO[0m - Generated graphviz diagram: docs/diagrams/Examples/graphviz_7.png
2024-12-20 14:46:59,147 - [0;32mINFO[0m - Command: ['dot', '-Tpng', '-o', 'docs/diagrams/Examples/graphviz_8.png', 'docs/diagrams/Examples/graphviz_8.tmp']
2024-12-20 14:46:59,264 - [0;32mINFO[0m - Generated graphviz diagram: docs/diagrams/Examples/graphviz_8.png
2024-12-20 14:46:59,265 - [0;32mINFO[0m - Command: ['dot', '-Tpng', '-o', 'docs/diagrams/Examples/graphviz_9.png', 'docs/diagrams/Examples/graphviz_9.tmp']
2024-12-20 14:50:16,271 - [0;32mINFO[0m - Starting script...
2024-12-20 14:50:16,272 - [0;32mINFO[0m - Processing markdown file: docs-src/Examples/graphviz.md
2024-12-20 14:50:16,273 - [0;32mINFO[0m - Command: ['dot', '-Tpng', '-o', 'docs/diagrams/Examples/graphviz_0.png', 'docs/diagrams/Examples/graphviz_0.tmp']
2024-12-20 14:50:16,339 - [0;32mINFO[0m - Generated graphviz diagram: docs/diagrams/Examples/graphviz_0.png
2024-12-20 14:50:16,340 - [0;32mINFO[0m - Command: ['dot', '-Tpng', '-o', 'docs/diagrams/Examples/graphviz_1.png', 'docs/diagrams/Examples/graphviz_1.tmp']
2024-12-20 14:50:16,405 - [0;32mINFO[0m - Generated graphviz diagram: docs/diagrams/Examples/graphviz_1.png
2024-12-20 14:50:16,406 - [0;32mINFO[0m - Command: ['dot', '-Tpng', '-o', 'docs/diagrams/Examples/graphviz_2.png', 'docs/diagrams/Examples/graphviz_2.tmp']
2024-12-20 14:50:16,472 - [0;32mINFO[0m - Generated graphviz diagram: docs/diagrams/Examples/graphviz_2.png
2024-12-20 14:50:16,474 - [0;32mINFO[0m - Command: ['dot', '-Tpng', '-o', 'docs/diagrams/Examples/graphviz_3.png', 'docs/diagrams/Examples/graphviz_3.tmp']
2024-12-20 14:50:16,590 - [0;32mINFO[0m - Generated graphviz diagram: docs/diagrams/Examples/graphviz_3.png
2024-12-20 14:50:16,590 - [0;32mINFO[0m - Command: ['dot', '-Tpng', '-o', 'docs/diagrams/Examples/graphviz_4.png', 'docs/diagrams/Examples/graphviz_4.tmp']
2024-12-20 14:50:16,705 - [0;32mINFO[0m - Generated graphviz diagram: docs/diagrams/Examples/graphviz_4.png
2024-12-20 14:50:16,705 - [0;32mINFO[0m - Command: ['dot', '-Tpng', '-o', 'docs/diagrams/Examples/graphviz_5.png', 'docs/diagrams/Examples/graphviz_5.tmp']
2024-12-20 14:50:16,870 - [0;32mINFO[0m - Generated graphviz diagram: docs/diagrams/Examples/graphviz_5.png
2024-12-20 14:50:16,871 - [0;32mINFO[0m - Command: ['dot', '-Tpng', '-o', 'docs/diagrams/Examples/graphviz_6.png', 'docs/diagrams/Examples/graphviz_6.tmp']
2024-12-20 14:50:16,985 - [0;32mINFO[0m - Generated graphviz diagram: docs/diagrams/Examples/graphviz_6.png
2024-12-20 14:50:16,986 - [0;32mINFO[0m - Command: ['dot', '-Tpng', '-o', 'docs/diagrams/Examples/graphviz_7.png', 'docs/diagrams/Examples/graphviz_7.tmp']
2024-12-20 14:50:17,302 - [0;32mINFO[0m - Generated graphviz diagram: docs/diagrams/Examples/graphviz_7.png
2024-12-20 14:50:17,302 - [0;32mINFO[0m - Command: ['dot', '-Tpng', '-o', 'docs/diagrams/Examples/graphviz_8.png', 'docs/diagrams/Examples/graphviz_8.tmp']
2024-12-20 14:50:17,367 - [0;32mINFO[0m - Generated graphviz diagram: docs/diagrams/Examples/graphviz_8.png
2024-12-20 14:50:17,367 - [0;32mINFO[0m - Command: ['dot', '-Tpng', '-o', 'docs/diagrams/Examples/graphviz_9.png', 'docs/diagrams/Examples/graphviz_9.tmp']
2024-12-20 14:50:17,533 - [0;32mINFO[0m - Generated graphviz diagram: docs/diagrams/Examples/graphviz_9.png
2024-12-20 14:50:17,533 - [0;32mINFO[0m - Command: ['dot', '-Tpng', '-o', 'docs/diagrams/Examples/graphviz_10.png', 'docs/diagrams/Examples/graphviz_10.tmp']
2024-12-20 14:50:17,598 - [0;32mINFO[0m - Generated graphviz diagram: docs/diagrams/Examples/graphviz_10.png
2024-12-20 14:50:17,598 - [0;32mINFO[0m - Saved processed markdown file: docs/diagrams/Examples/graphviz.md
2024-12-20 14:50:17,598 - [0;32mINFO[0m - Processing markdown file: docs-src/Examples/mermaid.md
2024-12-20 14:50:17,599 - [0;32mINFO[0m - Command: ['mmdc', '-i', 'docs/diagrams/Examples/mermaid_0.tmp', '-o', 'docs/diagrams/Examples/mermaid_0.png']
2024-12-20 14:50:19,019 - [0;32mINFO[0m - Generated mermaid diagram: docs/diagrams/Examples/mermaid_0.png
2024-12-20 14:50:19,020 - [0;32mINFO[0m - Command: ['mmdc', '-i', 'docs/diagrams/Examples/mermaid_1.tmp', '-o', 'docs/diagrams/Examples/mermaid_1.png']
2024-12-20 14:50:20,340 - [0;32mINFO[0m - Generated mermaid diagram: docs/diagrams/Examples/mermaid_1.png
2024-12-20 14:50:20,341 - [0;32mINFO[0m - Command: ['mmdc', '-i', 'docs/diagrams/Examples/mermaid_2.tmp', '-o', 'docs/diagrams/Examples/mermaid_2.png']
2024-12-20 14:50:21,860 - [0;32mINFO[0m - Generated mermaid diagram: docs/diagrams/Examples/mermaid_2.png
2024-12-20 14:50:21,861 - [0;32mINFO[0m - Command: ['mmdc', '-i', 'docs/diagrams/Examples/mermaid_3.tmp', '-o', 'docs/diagrams/Examples/mermaid_3.png']
2024-12-20 14:50:23,282 - [0;32mINFO[0m - Generated mermaid diagram: docs/diagrams/Examples/mermaid_3.png
2024-12-20 14:50:23,282 - [0;32mINFO[0m - Command: ['mmdc', '-i', 'docs/diagrams/Examples/mermaid_4.tmp', '-o', 'docs/diagrams/Examples/mermaid_4.png']
2024-12-20 14:50:24,654 - [0;32mINFO[0m - Generated mermaid diagram: docs/diagrams/Examples/mermaid_4.png
2024-12-20 14:50:24,654 - [0;32mINFO[0m - Command: ['mmdc', '-i', 'docs/diagrams/Examples/mermaid_5.tmp', '-o', 'docs/diagrams/Examples/mermaid_5.png']
2024-12-20 14:50:26,125 - [0;32mINFO[0m - Generated mermaid diagram: docs/diagrams/Examples/mermaid_5.png
2024-12-20 14:50:26,125 - [0;32mINFO[0m - Command: ['mmdc', '-i', 'docs/diagrams/Examples/mermaid_6.tmp', '-o', 'docs/diagrams/Examples/mermaid_6.png']
2024-12-20 14:50:27,554 - [0;32mINFO[0m - Generated mermaid diagram: docs/diagrams/Examples/mermaid_6.png
2024-12-20 14:50:27,555 - [0;32mINFO[0m - Command: ['mmdc', '-i', 'docs/diagrams/Examples/mermaid_7.tmp', '-o', 'docs/diagrams/Examples/mermaid_7.png']
2024-12-20 14:50:29,027 - [0;32mINFO[0m - Generated mermaid diagram: docs/diagrams/Examples/mermaid_7.png
2024-12-20 14:50:29,027 - [0;32mINFO[0m - Command: ['mmdc', '-i', 'docs/diagrams/Examples/mermaid_8.tmp', '-o', 'docs/diagrams/Examples/mermaid_8.png']
2024-12-20 14:50:30,652 - [0;32mINFO[0m - Generated mermaid diagram: docs/diagrams/Examples/mermaid_8.png
2024-12-20 14:50:30,653 - [0;32mINFO[0m - Command: ['mmdc', '-i', 'docs/diagrams/Examples/mermaid_9.tmp', '-o', 'docs/diagrams/Examples/mermaid_9.png']
2024-12-20 14:50:32,527 - [0;32mINFO[0m - Generated mermaid diagram: docs/diagrams/Examples/mermaid_9.png
2024-12-20 14:50:32,527 - [0;32mINFO[0m - Command: ['mmdc', '-i', 'docs/diagrams/Examples/mermaid_10.tmp', '-o', 'docs/diagrams/Examples/mermaid_10.png']
2024-12-20 14:50:34,305 - [0;32mINFO[0m - Generated mermaid diagram: docs/diagrams/Examples/mermaid_10.png
2024-12-20 14:50:34,306 - [0;32mINFO[0m - Command: ['mmdc', '-i', 'docs/diagrams/Examples/mermaid_11.tmp', '-o', 'docs/diagrams/Examples/mermaid_11.png']
2024-12-20 14:50:36,180 - [0;32mINFO[0m - Generated mermaid diagram: docs/diagrams/Examples/mermaid_11.png
2024-12-20 14:50:36,181 - [0;32mINFO[0m - Command: ['mmdc', '-i', 'docs/diagrams/Examples/mermaid_12.tmp', '-o', 'docs/diagrams/Examples/mermaid_12.png']
2024-12-20 14:50:38,103 - [0;32mINFO[0m - Generated mermaid diagram: docs/diagrams/Examples/mermaid_12.png
2024-12-20 14:50:38,104 - [0;32mINFO[0m - Command: ['mmdc', '-i', 'docs/diagrams/Examples/mermaid_13.tmp', '-o', 'docs/diagrams/Examples/mermaid_13.png']
2024-12-20 14:50:40,382 - [0;32mINFO[0m - Generated mermaid diagram: docs/diagrams/Examples/mermaid_13.png
2024-12-20 14:50:40,383 - [0;32mINFO[0m - Command: ['mmdc', '-i', 'docs/diagrams/Examples/mermaid_14.tmp', '-o', 'docs/diagrams/Examples/mermaid_14.png']
2024-12-20 14:50:42,456 - [0;32mINFO[0m - Generated mermaid diagram: docs/diagrams/Examples/mermaid_14.png
2024-12-20 14:50:42,457 - [0;32mINFO[0m - Command: ['mmdc', '-i', 'docs/diagrams/Examples/mermaid_15.tmp', '-o', 'docs/diagrams/Examples/mermaid_15.png']
2024-12-20 14:50:44,747 - [0;32mINFO[0m - Generated mermaid diagram: docs/diagrams/Examples/mermaid_15.png
2024-12-20 14:50:44,748 - [0;32mINFO[0m - Command: ['mmdc', '-i', 'docs/diagrams/Examples/mermaid_16.tmp', '-o', 'docs/diagrams/Examples/mermaid_16.png']
2024-12-20 14:50:46,626 - [0;32mINFO[0m - Generated mermaid diagram: docs/diagrams/Examples/mermaid_16.png
2024-12-20 14:50:46,627 - [0;32mINFO[0m - Command: ['mmdc', '-i', 'docs/diagrams/Examples/mermaid_17.tmp', '-o', 'docs/diagrams/Examples/mermaid_17.png']
2024-12-20 14:50:48,604 - [0;32mINFO[0m - Generated mermaid diagram: docs/diagrams/Examples/mermaid_17.png
2024-12-20 14:50:48,605 - [0;32mINFO[0m - Command: ['mmdc', '-i', 'docs/diagrams/Examples/mermaid_18.tmp', '-o', 'docs/diagrams/Examples/mermaid_18.png']
2024-12-20 14:50:50,536 - [0;32mINFO[0m - Generated mermaid diagram: docs/diagrams/Examples/mermaid_18.png
2024-12-20 14:50:50,537 - [0;32mINFO[0m - Command: ['mmdc', '-i', 'docs/diagrams/Examples/mermaid_19.tmp', '-o', 'docs/diagrams/Examples/mermaid_19.png']
2024-12-20 14:50:52,520 - [0;32mINFO[0m - Generated mermaid diagram: docs/diagrams/Examples/mermaid_19.png
2024-12-20 14:50:52,521 - [0;32mINFO[0m - Command: ['mmdc', '-i', 'docs/diagrams/Examples/mermaid_20.tmp', '-o', 'docs/diagrams/Examples/mermaid_20.png']
2024-12-20 14:52:22,525 - [0;31mERROR[0m - Error: Command '['mmdc', '-i', 'docs/diagrams/Examples/mermaid_20.tmp', '-o', 'docs/diagrams/Examples/mermaid_20.png']' timed out after 89.99996740599454 seconds
2024-12-20 14:52:49,466 - [0;32mINFO[0m - Starting script...
2024-12-20 14:52:49,467 - [0;32mINFO[0m - Processing markdown file: docs-src/Examples/graphviz.md
2024-12-20 14:52:49,468 - [0;32mINFO[0m - Command: ['dot', '-Tpng', '-o', 'docs/diagrams/Examples/graphviz_0.png', 'docs/diagrams/Examples/graphviz_0.tmp']
2024-12-20 14:52:49,533 - [0;32mINFO[0m - Generated graphviz diagram: docs/diagrams/Examples/graphviz_0.png
2024-12-20 14:52:49,534 - [0;32mINFO[0m - Command: ['dot', '-Tpng', '-o', 'docs/diagrams/Examples/graphviz_1.png', 'docs/diagrams/Examples/graphviz_1.tmp']
2024-12-20 14:52:49,599 - [0;32mINFO[0m - Generated graphviz diagram: docs/diagrams/Examples/graphviz_1.png
2024-12-20 14:52:49,599 - [0;32mINFO[0m - Command: ['dot', '-Tpng', '-o', 'docs/diagrams/Examples/graphviz_2.png', 'docs/diagrams/Examples/graphviz_2.tmp']
2024-12-20 14:52:49,664 - [0;32mINFO[0m - Generated graphviz diagram: docs/diagrams/Examples/graphviz_2.png
2024-12-20 14:52:49,665 - [0;32mINFO[0m - Command: ['dot', '-Tpng', '-o', 'docs/diagrams/Examples/graphviz_3.png', 'docs/diagrams/Examples/graphviz_3.tmp']
2024-12-20 14:52:49,780 - [0;32mINFO[0m - Generated graphviz diagram: docs/diagrams/Examples/graphviz_3.png
2024-12-20 14:52:49,780 - [0;32mINFO[0m - Command: ['dot', '-Tpng', '-o', 'docs/diagrams/Examples/graphviz_4.png', 'docs/diagrams/Examples/graphviz_4.tmp']
2024-12-20 14:52:49,897 - [0;32mINFO[0m - Generated graphviz diagram: docs/diagrams/Examples/graphviz_4.png
2024-12-20 14:52:49,897 - [0;32mINFO[0m - Command: ['dot', '-Tpng', '-o', 'docs/diagrams/Examples/graphviz_5.png', 'docs/diagrams/Examples/graphviz_5.tmp']
2024-12-20 14:52:50,112 - [0;32mINFO[0m - Generated graphviz diagram: docs/diagrams/Examples/graphviz_5.png
2024-12-20 14:52:50,113 - [0;32mINFO[0m - Command: ['dot', '-Tpng', '-o', 'docs/diagrams/Examples/graphviz_6.png', 'docs/diagrams/Examples/graphviz_6.tmp']
2024-12-20 14:52:50,228 - [0;32mINFO[0m - Generated graphviz diagram: docs/diagrams/Examples/graphviz_6.png
2024-12-20 14:52:50,228 - [0;32mINFO[0m - Command: ['dot', '-Tpng', '-o', 'docs/diagrams/Examples/graphviz_7.png', 'docs/diagrams/Examples/graphviz_7.tmp']
2024-12-20 14:52:50,594 - [0;32mINFO[0m - Generated graphviz diagram: docs/diagrams/Examples/graphviz_7.png
2024-12-20 14:52:50,595 - [0;32mINFO[0m - Command: ['dot', '-Tpng', '-o', 'docs/diagrams/Examples/graphviz_8.png', 'docs/diagrams/Examples/graphviz_8.tmp']
2024-12-20 14:52:50,660 - [0;32mINFO[0m - Generated graphviz diagram: docs/diagrams/Examples/graphviz_8.png
2024-12-20 14:52:50,661 - [0;32mINFO[0m - Command: ['dot', '-Tpng', '-o', 'docs/diagrams/Examples/graphviz_9.png', 'docs/diagrams/Examples/graphviz_9.tmp']
2024-12-20 14:52:50,826 - [0;32mINFO[0m - Generated graphviz diagram: docs/diagrams/Examples/graphviz_9.png
2024-12-20 14:52:50,826 - [0;32mINFO[0m - Command: ['dot', '-Tpng', '-o', 'docs/diagrams/Examples/graphviz_10.png', 'docs/diagrams/Examples/graphviz_10.tmp']
2024-12-20 14:52:50,891 - [0;32mINFO[0m - Generated graphviz diagram: docs/diagrams/Examples/graphviz_10.png
2024-12-20 14:52:50,891 - [0;32mINFO[0m - Saved processed markdown file: docs/diagrams/Examples/graphviz.md
2024-12-20 14:52:50,892 - [0;32mINFO[0m - Processing markdown file: docs-src/Examples/mermaid.md
2024-12-20 14:52:50,892 - [0;32mINFO[0m - Command: ['mmdc', '-i', 'docs/diagrams/Examples/mermaid_0.tmp', '-o', 'docs/diagrams/Examples/mermaid_0.png']
2024-12-20 14:52:53,467 - [0;32mINFO[0m - Generated mermaid diagram: docs/diagrams/Examples/mermaid_0.png
2024-12-20 14:52:53,468 - [0;32mINFO[0m - Command: ['mmdc', '-i', 'docs/diagrams/Examples/mermaid_1.tmp', '-o', 'docs/diagrams/Examples/mermaid_1.png']
2024-12-20 14:52:55,240 - [0;32mINFO[0m - Generated mermaid diagram: docs/diagrams/Examples/mermaid_1.png
2024-12-20 14:52:55,241 - [0;32mINFO[0m - Command: ['mmdc', '-i', 'docs/diagrams/Examples/mermaid_2.tmp', '-o', 'docs/diagrams/Examples/mermaid_2.png']
2024-12-20 14:52:56,862 - [0;32mINFO[0m - Generated mermaid diagram: docs/diagrams/Examples/mermaid_2.png
2024-12-20 14:52:56,863 - [0;32mINFO[0m - Command: ['mmdc', '-i', 'docs/diagrams/Examples/mermaid_3.tmp', '-o', 'docs/diagrams/Examples/mermaid_3.png']
2024-12-20 14:52:58,233 - [0;32mINFO[0m - Generated mermaid diagram: docs/diagrams/Examples/mermaid_3.png
2024-12-20 14:52:58,233 - [0;32mINFO[0m - Command: ['mmdc', '-i', 'docs/diagrams/Examples/mermaid_4.tmp', '-o', 'docs/diagrams/Examples/mermaid_4.png']
2024-12-20 14:52:59,702 - [0;32mINFO[0m - Generated mermaid diagram: docs/diagrams/Examples/mermaid_4.png
2024-12-20 14:52:59,703 - [0;32mINFO[0m - Command: ['mmdc', '-i', 'docs/diagrams/Examples/mermaid_5.tmp', '-o', 'docs/diagrams/Examples/mermaid_5.png']
2024-12-20 14:53:01,732 - [0;32mINFO[0m - Generated mermaid diagram: docs/diagrams/Examples/mermaid_5.png
2024-12-20 14:53:01,735 - [0;32mINFO[0m - Command: ['mmdc', '-i', 'docs/diagrams/Examples/mermaid_6.tmp', '-o', 'docs/diagrams/Examples/mermaid_6.png']
2024-12-20 14:53:03,461 - [0;32mINFO[0m - Generated mermaid diagram: docs/diagrams/Examples/mermaid_6.png
2024-12-20 14:53:03,462 - [0;32mINFO[0m - Command: ['mmdc', '-i', 'docs/diagrams/Examples/mermaid_7.tmp', '-o', 'docs/diagrams/Examples/mermaid_7.png']
2024-12-20 14:53:04,981 - [0;32mINFO[0m - Generated mermaid diagram: docs/diagrams/Examples/mermaid_7.png
2024-12-20 14:53:04,982 - [0;32mINFO[0m - Command: ['mmdc', '-i', 'docs/diagrams/Examples/mermaid_8.tmp', '-o', 'docs/diagrams/Examples/mermaid_8.png']
2024-12-20 14:53:06,551 - [0;32mINFO[0m - Generated mermaid diagram: docs/diagrams/Examples/mermaid_8.png
2024-12-20 14:53:06,552 - [0;32mINFO[0m - Command: ['mmdc', '-i', 'docs/diagrams/Examples/mermaid_9.tmp', '-o', 'docs/diagrams/Examples/mermaid_9.png']
2024-12-20 14:53:08,224 - [0;32mINFO[0m - Generated mermaid diagram: docs/diagrams/Examples/mermaid_9.png
2024-12-20 14:53:08,225 - [0;32mINFO[0m - Command: ['mmdc', '-i', 'docs/diagrams/Examples/mermaid_10.tmp', '-o', 'docs/diagrams/Examples/mermaid_10.png']
2024-12-20 14:53:10,049 - [0;32mINFO[0m - Generated mermaid diagram: docs/diagrams/Examples/mermaid_10.png
2024-12-20 14:53:10,049 - [0;32mINFO[0m - Command: ['mmdc', '-i', 'docs/diagrams/Examples/mermaid_11.tmp', '-o', 'docs/diagrams/Examples/mermaid_11.png']
2024-12-20 14:53:12,680 - [0;32mINFO[0m - Generated mermaid diagram: docs/diagrams/Examples/mermaid_11.png
2024-12-20 14:53:12,683 - [0;32mINFO[0m - Command: ['mmdc', '-i', 'docs/diagrams/Examples/mermaid_12.tmp', '-o', 'docs/diagrams/Examples/mermaid_12.png']
2024-12-20 14:53:14,959 - [0;32mINFO[0m - Generated mermaid diagram: docs/diagrams/Examples/mermaid_12.png
2024-12-20 14:53:14,959 - [0;32mINFO[0m - Command: ['mmdc', '-i', 'docs/diagrams/Examples/mermaid_13.tmp', '-o', 'docs/diagrams/Examples/mermaid_13.png']
2024-12-20 14:53:16,579 - [0;32mINFO[0m - Generated mermaid diagram: docs/diagrams/Examples/mermaid_13.png
2024-12-20 14:53:16,580 - [0;32mINFO[0m - Command: ['mmdc', '-i', 'docs/diagrams/Examples/mermaid_14.tmp', '-o', 'docs/diagrams/Examples/mermaid_14.png']
2024-12-20 14:53:18,355 - [0;32mINFO[0m - Generated mermaid diagram: docs/diagrams/Examples/mermaid_14.png
2024-12-20 14:53:18,356 - [0;32mINFO[0m - Command: ['mmdc', '-i', 'docs/diagrams/Examples/mermaid_15.tmp', '-o', 'docs/diagrams/Examples/mermaid_15.png']
2024-12-20 14:53:19,989 - [0;32mINFO[0m - Generated mermaid diagram: docs/diagrams/Examples/mermaid_15.png
2024-12-20 14:53:19,989 - [0;32mINFO[0m - Command: ['mmdc', '-i', 'docs/diagrams/Examples/mermaid_16.tmp', '-o', 'docs/diagrams/Examples/mermaid_16.png']
2024-12-20 14:53:21,614 - [0;32mINFO[0m - Generated mermaid diagram: docs/diagrams/Examples/mermaid_16.png
2024-12-20 14:53:21,615 - [0;32mINFO[0m - Command: ['mmdc', '-i', 'docs/diagrams/Examples/mermaid_17.tmp', '-o', 'docs/diagrams/Examples/mermaid_17.png']
2024-12-20 14:53:23,857 - [0;32mINFO[0m - Generated mermaid diagram: docs/diagrams/Examples/mermaid_17.png
2024-12-20 14:53:23,857 - [0;32mINFO[0m - Command: ['mmdc', '-i', 'docs/diagrams/Examples/mermaid_18.tmp', '-o', 'docs/diagrams/Examples/mermaid_18.png']
2024-12-20 14:53:26,131 - [0;32mINFO[0m - Generated mermaid diagram: docs/diagrams/Examples/mermaid_18.png
2024-12-20 14:53:26,132 - [0;32mINFO[0m - Command: ['mmdc', '-i', 'docs/diagrams/Examples/mermaid_19.tmp', '-o', 'docs/diagrams/Examples/mermaid_19.png']
2024-12-20 14:53:28,539 - [0;32mINFO[0m - Generated mermaid diagram: docs/diagrams/Examples/mermaid_19.png
2024-12-20 14:53:28,539 - [0;32mINFO[0m - Command: ['mmdc', '-i', 'docs/diagrams/Examples/mermaid_20.tmp', '-o', 'docs/diagrams/Examples/mermaid_20.png']
2024-12-20 14:53:30,160 - [0;32mINFO[0m - Generated mermaid diagram: docs/diagrams/Examples/mermaid_20.png
2024-12-20 14:53:30,160 - [0;32mINFO[0m - Saved processed markdown file: docs/diagrams/Examples/mermaid.md
2024-12-20 14:53:30,161 - [0;32mINFO[0m - Processing markdown file: docs-src/Examples/vega.md
2024-12-20 14:53:30,161 - [0;32mINFO[0m - Command: vg2png docs/diagrams/Examples/vega_0.tmp > docs/diagrams/Examples/vega_0.png
2024-12-20 14:53:30,162 - [0;31mERROR[0m - Error: [Errno 2] No such file or directory: 'vg2png docs/diagrams/Examples/vega_0.tmp > docs/diagrams/Examples/vega_0.png'
2024-12-20 14:55:10,896 - [0;32mINFO[0m - Starting script...
2024-12-20 14:55:10,897 - [0;32mINFO[0m - Processing markdown file: docs-src/Examples/graphviz.md
2024-12-20 14:55:10,898 - [0;32mINFO[0m - Command: ['dot', '-Tpng', '-o', 'docs/diagrams/Examples/graphviz_0.png', 'docs/diagrams/Examples/graphviz_0.tmp']
2024-12-20 14:55:10,932 - [0;32mINFO[0m - Generated graphviz diagram: docs/diagrams/Examples/graphviz_0.png
2024-12-20 14:55:10,933 - [0;32mINFO[0m - Command: ['dot', '-Tpng', '-o', 'docs/diagrams/Examples/graphviz_1.png', 'docs/diagrams/Examples/graphviz_1.tmp']
2024-12-20 14:55:10,999 - [0;32mINFO[0m - Generated graphviz diagram: docs/diagrams/Examples/graphviz_1.png
2024-12-20 14:55:11,000 - [0;32mINFO[0m - Command: ['dot', '-Tpng', '-o', 'docs/diagrams/Examples/graphviz_2.png', 'docs/diagrams/Examples/graphviz_2.tmp']
2024-12-20 14:55:11,065 - [0;32mINFO[0m - Generated graphviz diagram: docs/diagrams/Examples/graphviz_2.png
2024-12-20 14:55:11,065 - [0;32mINFO[0m - Command: ['dot', '-Tpng', '-o', 'docs/diagrams/Examples/graphviz_3.png', 'docs/diagrams/Examples/graphviz_3.tmp']
2024-12-20 14:55:11,181 - [0;32mINFO[0m - Generated graphviz diagram: docs/diagrams/Examples/graphviz_3.png
2024-12-20 14:55:11,181 - [0;32mINFO[0m - Command: ['dot', '-Tpng', '-o', 'docs/diagrams/Examples/graphviz_4.png', 'docs/diagrams/Examples/graphviz_4.tmp']
2024-12-20 14:55:11,297 - [0;32mINFO[0m - Generated graphviz diagram: docs/diagrams/Examples/graphviz_4.png
2024-12-20 14:55:11,297 - [0;32mINFO[0m - Command: ['dot', '-Tpng', '-o', 'docs/diagrams/Examples/graphviz_5.png', 'docs/diagrams/Examples/graphviz_5.tmp']
2024-12-20 14:55:11,512 - [0;32mINFO[0m - Generated graphviz diagram: docs/diagrams/Examples/graphviz_5.png
2024-12-20 14:55:11,513 - [0;32mINFO[0m - Command: ['dot', '-Tpng', '-o', 'docs/diagrams/Examples/graphviz_6.png', 'docs/diagrams/Examples/graphviz_6.tmp']
2024-12-20 14:55:11,628 - [0;32mINFO[0m - Generated graphviz diagram: docs/diagrams/Examples/graphviz_6.png
2024-12-20 14:55:11,629 - [0;32mINFO[0m - Command: ['dot', '-Tpng', '-o', 'docs/diagrams/Examples/graphviz_7.png', 'docs/diagrams/Examples/graphviz_7.tmp']
2024-12-20 14:55:11,945 - [0;32mINFO[0m - Generated graphviz diagram: docs/diagrams/Examples/graphviz_7.png
2024-12-20 14:55:11,945 - [0;32mINFO[0m - Command: ['dot', '-Tpng', '-o', 'docs/diagrams/Examples/graphviz_8.png', 'docs/diagrams/Examples/graphviz_8.tmp']
2024-12-20 14:55:12,010 - [0;32mINFO[0m - Generated graphviz diagram: docs/diagrams/Examples/graphviz_8.png
2024-12-20 14:55:12,010 - [0;32mINFO[0m - Command: ['dot', '-Tpng', '-o', 'docs/diagrams/Examples/graphviz_9.png', 'docs/diagrams/Examples/graphviz_9.tmp']
2024-12-20 14:55:12,175 - [0;32mINFO[0m - Generated graphviz diagram: docs/diagrams/Examples/graphviz_9.png
2024-12-20 14:55:12,176 - [0;32mINFO[0m - Command: ['dot', '-Tpng', '-o', 'docs/diagrams/Examples/graphviz_10.png', 'docs/diagrams/Examples/graphviz_10.tmp']
2024-12-20 14:55:12,240 - [0;32mINFO[0m - Generated graphviz diagram: docs/diagrams/Examples/graphviz_10.png
2024-12-20 14:55:12,241 - [0;32mINFO[0m - Saved processed markdown file: docs/diagrams/Examples/graphviz.md
2024-12-20 14:55:12,241 - [0;32mINFO[0m - Processing markdown file: docs-src/Examples/mermaid.md
2024-12-20 14:55:12,242 - [0;32mINFO[0m - Command: ['mmdc', '-i', 'docs/diagrams/Examples/mermaid_0.tmp', '-o', 'docs/diagrams/Examples/mermaid_0.png']
2024-12-20 14:55:13,765 - [0;32mINFO[0m - Generated mermaid diagram: docs/diagrams/Examples/mermaid_0.png
2024-12-20 14:55:13,765 - [0;32mINFO[0m - Command: ['mmdc', '-i', 'docs/diagrams/Examples/mermaid_1.tmp', '-o', 'docs/diagrams/Examples/mermaid_1.png']
2024-12-20 14:55:15,134 - [0;32mINFO[0m - Generated mermaid diagram: docs/diagrams/Examples/mermaid_1.png
2024-12-20 14:55:15,134 - [0;32mINFO[0m - Command: ['mmdc', '-i', 'docs/diagrams/Examples/mermaid_2.tmp', '-o', 'docs/diagrams/Examples/mermaid_2.png']
2024-12-20 14:55:16,805 - [0;32mINFO[0m - Generated mermaid diagram: docs/diagrams/Examples/mermaid_2.png
2024-12-20 14:55:16,806 - [0;32mINFO[0m - Command: ['mmdc', '-i', 'docs/diagrams/Examples/mermaid_3.tmp', '-o', 'docs/diagrams/Examples/mermaid_3.png']
2024-12-20 14:55:18,180 - [0;32mINFO[0m - Generated mermaid diagram: docs/diagrams/Examples/mermaid_3.png
2024-12-20 14:55:18,181 - [0;32mINFO[0m - Command: ['mmdc', '-i', 'docs/diagrams/Examples/mermaid_4.tmp', '-o', 'docs/diagrams/Examples/mermaid_4.png']
2024-12-20 14:55:19,510 - [0;32mINFO[0m - Generated mermaid diagram: docs/diagrams/Examples/mermaid_4.png
2024-12-20 14:55:19,511 - [0;32mINFO[0m - Command: ['mmdc', '-i', 'docs/diagrams/Examples/mermaid_5.tmp', '-o', 'docs/diagrams/Examples/mermaid_5.png']
2024-12-20 14:55:20,986 - [0;32mINFO[0m - Generated mermaid diagram: docs/diagrams/Examples/mermaid_5.png
2024-12-20 14:55:20,986 - [0;32mINFO[0m - Command: ['mmdc', '-i', 'docs/diagrams/Examples/mermaid_6.tmp', '-o', 'docs/diagrams/Examples/mermaid_6.png']
2024-12-20 14:55:22,457 - [0;32mINFO[0m - Generated mermaid diagram: docs/diagrams/Examples/mermaid_6.png
2024-12-20 14:55:22,458 - [0;32mINFO[0m - Command: ['mmdc', '-i', 'docs/diagrams/Examples/mermaid_7.tmp', '-o', 'docs/diagrams/Examples/mermaid_7.png']
2024-12-20 14:55:23,827 - [0;32mINFO[0m - Generated mermaid diagram: docs/diagrams/Examples/mermaid_7.png
2024-12-20 14:55:23,828 - [0;32mINFO[0m - Command: ['mmdc', '-i', 'docs/diagrams/Examples/mermaid_8.tmp', '-o', 'docs/diagrams/Examples/mermaid_8.png']
2024-12-20 14:55:25,199 - [0;32mINFO[0m - Generated mermaid diagram: docs/diagrams/Examples/mermaid_8.png
2024-12-20 14:55:25,200 - [0;32mINFO[0m - Command: ['mmdc', '-i', 'docs/diagrams/Examples/mermaid_9.tmp', '-o', 'docs/diagrams/Examples/mermaid_9.png']
2024-12-20 14:55:26,670 - [0;32mINFO[0m - Generated mermaid diagram: docs/diagrams/Examples/mermaid_9.png
2024-12-20 14:55:26,671 - [0;32mINFO[0m - Command: ['mmdc', '-i', 'docs/diagrams/Examples/mermaid_10.tmp', '-o', 'docs/diagrams/Examples/mermaid_10.png']
2024-12-20 14:55:28,094 - [0;32mINFO[0m - Generated mermaid diagram: docs/diagrams/Examples/mermaid_10.png
2024-12-20 14:55:28,095 - [0;32mINFO[0m - Command: ['mmdc', '-i', 'docs/diagrams/Examples/mermaid_11.tmp', '-o', 'docs/diagrams/Examples/mermaid_11.png']
2024-12-20 14:55:29,618 - [0;32mINFO[0m - Generated mermaid diagram: docs/diagrams/Examples/mermaid_11.png
2024-12-20 14:55:29,618 - [0;32mINFO[0m - Command: ['mmdc', '-i', 'docs/diagrams/Examples/mermaid_12.tmp', '-o', 'docs/diagrams/Examples/mermaid_12.png']
2024-12-20 14:55:31,138 - [0;32mINFO[0m - Generated mermaid diagram: docs/diagrams/Examples/mermaid_12.png
2024-12-20 14:55:31,138 - [0;32mINFO[0m - Command: ['mmdc', '-i', 'docs/diagrams/Examples/mermaid_13.tmp', '-o', 'docs/diagrams/Examples/mermaid_13.png']
2024-12-20 14:55:32,559 - [0;32mINFO[0m - Generated mermaid diagram: docs/diagrams/Examples/mermaid_13.png
2024-12-20 14:55:32,560 - [0;32mINFO[0m - Command: ['mmdc', '-i', 'docs/diagrams/Examples/mermaid_14.tmp', '-o', 'docs/diagrams/Examples/mermaid_14.png']
2024-12-20 14:55:34,033 - [0;32mINFO[0m - Generated mermaid diagram: docs/diagrams/Examples/mermaid_14.png
2024-12-20 14:55:34,034 - [0;32mINFO[0m - Command: ['mmdc', '-i', 'docs/diagrams/Examples/mermaid_15.tmp', '-o', 'docs/diagrams/Examples/mermaid_15.png']
2024-12-20 14:55:35,465 - [0;32mINFO[0m - Generated mermaid diagram: docs/diagrams/Examples/mermaid_15.png
2024-12-20 14:55:35,465 - [0;32mINFO[0m - Command: ['mmdc', '-i', 'docs/diagrams/Examples/mermaid_16.tmp', '-o', 'docs/diagrams/Examples/mermaid_16.png']
2024-12-20 14:55:36,885 - [0;32mINFO[0m - Generated mermaid diagram: docs/diagrams/Examples/mermaid_16.png
2024-12-20 14:55:36,885 - [0;32mINFO[0m - Command: ['mmdc', '-i', 'docs/diagrams/Examples/mermaid_17.tmp', '-o', 'docs/diagrams/Examples/mermaid_17.png']
2024-12-20 14:55:38,305 - [0;32mINFO[0m - Generated mermaid diagram: docs/diagrams/Examples/mermaid_17.png
2024-12-20 14:55:38,306 - [0;32mINFO[0m - Command: ['mmdc', '-i', 'docs/diagrams/Examples/mermaid_18.tmp', '-o', 'docs/diagrams/Examples/mermaid_18.png']
2024-12-20 14:55:39,728 - [0;32mINFO[0m - Generated mermaid diagram: docs/diagrams/Examples/mermaid_18.png
2024-12-20 14:55:39,729 - [0;32mINFO[0m - Command: ['mmdc', '-i', 'docs/diagrams/Examples/mermaid_19.tmp', '-o', 'docs/diagrams/Examples/mermaid_19.png']
2024-12-20 14:55:41,149 - [0;32mINFO[0m - Generated mermaid diagram: docs/diagrams/Examples/mermaid_19.png
2024-12-20 14:55:41,150 - [0;32mINFO[0m - Command: ['mmdc', '-i', 'docs/diagrams/Examples/mermaid_20.tmp', '-o', 'docs/diagrams/Examples/mermaid_20.png']
2024-12-20 14:55:42,784 - [0;32mINFO[0m - Generated mermaid diagram: docs/diagrams/Examples/mermaid_20.png
2024-12-20 14:55:42,784 - [0;32mINFO[0m - Saved processed markdown file: docs/diagrams/Examples/mermaid.md
2024-12-20 14:55:42,785 - [0;32mINFO[0m - Processing markdown file: docs-src/Examples/vega.md
2024-12-20 14:55:42,785 - [0;32mINFO[0m - Command: vg2png docs/diagrams/Examples/vega_0.tmp docs/diagrams/Examples/vega_0.png
2024-12-20 14:55:42,786 - [0;31mERROR[0m - Error: [Errno 2] No such file or directory: 'vg2png docs/diagrams/Examples/vega_0.tmp docs/diagrams/Examples/vega_0.png'
2024-12-20 14:59:31,925 - [0;32mINFO[0m - Starting script...
2024-12-20 14:59:31,927 - [0;32mINFO[0m - Processing markdown file: docs-src/Examples/graphviz.md
2024-12-20 14:59:32,049 - [0;32mINFO[0m - Generated graphviz diagram: docs/diagrams/Examples/graphviz_0.png
2024-12-20 14:59:32,215 - [0;32mINFO[0m - Generated graphviz diagram: docs/diagrams/Examples/graphviz_1.png
2024-12-20 14:59:32,383 - [0;32mINFO[0m - Generated graphviz diagram: docs/diagrams/Examples/graphviz_2.png
2024-12-20 14:59:32,713 - [0;32mINFO[0m - Generated graphviz diagram: docs/diagrams/Examples/graphviz_3.png
2024-12-20 14:59:32,989 - [0;32mINFO[0m - Generated graphviz diagram: docs/diagrams/Examples/graphviz_4.png
2024-12-20 14:59:33,857 - [0;32mINFO[0m - Generated graphviz diagram: docs/diagrams/Examples/graphviz_5.png
2024-12-20 14:59:34,226 - [0;32mINFO[0m - Generated graphviz diagram: docs/diagrams/Examples/graphviz_6.png
2024-12-20 14:59:35,400 - [0;32mINFO[0m - Generated graphviz diagram: docs/diagrams/Examples/graphviz_7.png
2024-12-20 14:59:35,516 - [0;32mINFO[0m - Generated graphviz diagram: docs/diagrams/Examples/graphviz_8.png
2024-12-20 14:59:35,838 - [0;32mINFO[0m - Generated graphviz diagram: docs/diagrams/Examples/graphviz_9.png
2024-12-20 14:59:36,005 - [0;32mINFO[0m - Generated graphviz diagram: docs/diagrams/Examples/graphviz_10.png
2024-12-20 14:59:36,005 - [0;32mINFO[0m - Saved processed markdown file: docs/diagrams/Examples/graphviz.md
2024-12-20 14:59:36,005 - [0;32mINFO[0m - Processing markdown file: docs-src/Examples/mermaid.md
2024-12-20 14:59:41,055 - [0;32mINFO[0m - Generated mermaid diagram: docs/diagrams/Examples/mermaid_0.png
2024-12-20 14:59:47,126 - [0;32mINFO[0m - Generated mermaid diagram: docs/diagrams/Examples/mermaid_1.png
2024-12-20 14:59:53,076 - [0;32mINFO[0m - Generated mermaid diagram: docs/diagrams/Examples/mermaid_2.png
2024-12-20 14:59:59,500 - [0;32mINFO[0m - Generated mermaid diagram: docs/diagrams/Examples/mermaid_3.png
2024-12-20 15:00:07,883 - [0;32mINFO[0m - Generated mermaid diagram: docs/diagrams/Examples/mermaid_4.png
2024-12-20 15:00:15,703 - [0;32mINFO[0m - Generated mermaid diagram: docs/diagrams/Examples/mermaid_5.png
2024-12-20 15:00:25,121 - [0;32mINFO[0m - Generated mermaid diagram: docs/diagrams/Examples/mermaid_6.png
2024-12-20 15:00:31,012 - [0;32mINFO[0m - Generated mermaid diagram: docs/diagrams/Examples/mermaid_7.png
2024-12-20 15:00:36,321 - [0;32mINFO[0m - Generated mermaid diagram: docs/diagrams/Examples/mermaid_8.png
2024-12-20 15:00:42,418 - [0;32mINFO[0m - Generated mermaid diagram: docs/diagrams/Examples/mermaid_9.png
2024-12-20 15:00:50,420 - [0;32mINFO[0m - Generated mermaid diagram: docs/diagrams/Examples/mermaid_10.png
2024-12-20 15:00:59,853 - [0;32mINFO[0m - Generated mermaid diagram: docs/diagrams/Examples/mermaid_11.png
2024-12-20 15:01:09,661 - [0;32mINFO[0m - Generated mermaid diagram: docs/diagrams/Examples/mermaid_12.png
2024-12-20 15:01:13,045 - [0;32mINFO[0m - Generated mermaid diagram: docs/diagrams/Examples/mermaid_13.png
2024-12-20 15:01:16,262 - [0;32mINFO[0m - Generated mermaid diagram: docs/diagrams/Examples/mermaid_14.png
2024-12-20 15:01:19,615 - [0;32mINFO[0m - Generated mermaid diagram: docs/diagrams/Examples/mermaid_15.png
2024-12-20 15:01:22,443 - [0;32mINFO[0m - Generated mermaid diagram: docs/diagrams/Examples/mermaid_16.png
2024-12-20 15:01:25,472 - [0;32mINFO[0m - Generated mermaid diagram: docs/diagrams/Examples/mermaid_17.png
2024-12-20 15:01:28,103 - [0;32mINFO[0m - Generated mermaid diagram: docs/diagrams/Examples/mermaid_18.png
2024-12-20 15:01:30,883 - [0;32mINFO[0m - Generated mermaid diagram: docs/diagrams/Examples/mermaid_19.png
2024-12-20 15:01:34,484 - [0;32mINFO[0m - Generated mermaid diagram: docs/diagrams/Examples/mermaid_20.png
2024-12-20 15:01:34,485 - [0;32mINFO[0m - Saved processed markdown file: docs/diagrams/Examples/mermaid.md
2024-12-20 15:01:34,485 - [0;32mINFO[0m - Processing markdown file: docs-src/Examples/vega.md
2024-12-20 15:01:34,852 - [0;32mINFO[0m - Generated vega diagram: docs/diagrams/Examples/vega_0.png
2024-12-20 15:01:35,269 - [0;32mINFO[0m - Generated vega diagram: docs/diagrams/Examples/vega_1.png
2024-12-20 15:01:35,736 - [0;32mINFO[0m - Generated vega diagram: docs/diagrams/Examples/vega_2.png
2024-12-20 15:01:35,736 - [0;32mINFO[0m - Saved processed markdown file: docs/diagrams/Examples/vega.md
2024-12-20 15:01:35,737 - [0;32mINFO[0m - Processing markdown file: docs-src/Examples/wavedrom.md
2024-12-20 15:01:37,058 - [0;32mINFO[0m - Generated wavedrom diagram: docs/diagrams/Examples/wavedrom_0.png
2024-12-20 15:01:37,838 - [0;32mINFO[0m - Generated wavedrom diagram: docs/diagrams/Examples/wavedrom_1.png
2024-12-20 15:01:38,760 - [0;32mINFO[0m - Generated wavedrom diagram: docs/diagrams/Examples/wavedrom_2.png
2024-12-20 15:01:39,886 - [0;32mINFO[0m - Generated wavedrom diagram: docs/diagrams/Examples/wavedrom_3.png
2024-12-20 15:01:40,882 - [0;32mINFO[0m - Generated wavedrom diagram: docs/diagrams/Examples/wavedrom_4.png
2024-12-20 15:01:42,069 - [0;32mINFO[0m - Generated wavedrom diagram: docs/diagrams/Examples/wavedrom_5.png
2024-12-20 15:01:42,069 - [0;32mINFO[0m - Saved processed markdown file: docs/diagrams/Examples/wavedrom.md
2024-12-20 15:01:42,070 - [0;32mINFO[0m - Processing markdown file: docs-src/Examples/nwdiag.md
2024-12-20 15:01:42,070 - [0;32mINFO[0m - Saved processed markdown file: docs/diagrams/Examples/nwdiag.md
2024-12-20 15:01:42,071 - [0;32mINFO[0m - Processing markdown file: docs-src/Examples/0001-record-architecture-decisions.md
2024-12-20 15:01:42,072 - [0;32mINFO[0m - Saved processed markdown file: docs/diagrams/Examples/0001-record-architecture-decisions.md
2024-12-20 15:01:42,072 - [0;32mINFO[0m - Processing markdown file: docs-src/Examples/plantuml_full.md
2024-12-20 15:01:45,286 - [0;32mINFO[0m - Generated plantuml diagram: docs/diagrams/Examples/plantuml_full_0.png
2024-12-20 15:01:47,920 - [0;32mINFO[0m - Generated plantuml diagram: docs/diagrams/Examples/plantuml_full_1.png
2024-12-20 15:01:50,621 - [0;32mINFO[0m - Generated plantuml diagram: docs/diagrams/Examples/plantuml_full_2.png
2024-12-20 15:01:52,850 - [0;32mINFO[0m - Generated plantuml diagram: docs/diagrams/Examples/plantuml_full_3.png
2024-12-20 15:01:55,644 - [0;32mINFO[0m - Generated plantuml diagram: docs/diagrams/Examples/plantuml_full_4.png
2024-12-20 15:01:57,868 - [0;32mINFO[0m - Generated plantuml diagram: docs/diagrams/Examples/plantuml_full_5.png
2024-12-20 15:02:01,068 - [0;32mINFO[0m - Generated plantuml diagram: docs/diagrams/Examples/plantuml_full_6.png
2024-12-20 15:02:05,374 - [0;32mINFO[0m - Generated plantuml diagram: docs/diagrams/Examples/plantuml_full_7.png
2024-12-20 15:02:07,501 - [0;32mINFO[0m - Generated plantuml diagram: docs/diagrams/Examples/plantuml_full_8.png
2024-12-20 15:02:11,823 - [0;32mINFO[0m - Generated plantuml diagram: docs/diagrams/Examples/plantuml_full_9.png
2024-12-20 15:02:14,800 - [0;32mINFO[0m - Generated plantuml diagram: docs/diagrams/Examples/plantuml_full_10.png
2024-12-20 15:02:16,428 - [0;32mINFO[0m - Generated plantuml diagram: docs/diagrams/Examples/plantuml_full_11.png
2024-12-20 15:02:19,503 - [0;32mINFO[0m - Generated plantuml diagram: docs/diagrams/Examples/plantuml_full_12.png
2024-12-20 15:02:21,841 - [0;32mINFO[0m - Generated plantuml diagram: docs/diagrams/Examples/plantuml_full_13.png
2024-12-20 15:02:24,789 - [0;32mINFO[0m - Generated plantuml diagram: docs/diagrams/Examples/plantuml_full_14.png
2024-12-20 15:02:26,670 - [0;32mINFO[0m - Generated plantuml diagram: docs/diagrams/Examples/plantuml_full_15.png
2024-12-20 15:02:28,704 - [0;32mINFO[0m - Generated plantuml diagram: docs/diagrams/Examples/plantuml_full_16.png
2024-12-20 15:02:31,597 - [0;32mINFO[0m - Generated plantuml diagram: docs/diagrams/Examples/plantuml_full_17.png
2024-12-20 15:02:31,598 - [0;32mINFO[0m - Saved processed markdown file: docs/diagrams/Examples/plantuml_full.md
2024-12-20 15:02:31,598 - [0;32mINFO[0m - Saved metadata file: docs/diagrams/diagram_metadata.json
2024-12-20 15:02:31,599 - [0;32mINFO[0m - Processing complete!
